TN:
SF:/Users/piotrp/code/github/piotrpMSFT/omnisharp-vscode/out/src/main.ts
FN:18,activate
FN:30,(anonymous_8)
FN:48,(anonymous_9)
FN:55,ensureRuntimeDependencies
FN:57,(anonymous_11)
FNF:5
FNH:5
FNDA:1,activate
FNDA:15,(anonymous_8)
FNDA:1,(anonymous_9)
FNDA:1,ensureRuntimeDependencies
FNDA:1,(anonymous_11)
DA:6,1
DA:7,1
DA:8,1
DA:9,1
DA:11,1
DA:12,1
DA:13,1
DA:14,1
DA:16,1
DA:18,1
DA:20,1
DA:21,1
DA:22,1
DA:23,1
DA:24,1
DA:26,1
DA:28,1
DA:30,15
DA:32,1
DA:35,1
DA:38,1
DA:40,1
DA:41,1
DA:43,1
DA:46,1
DA:56,1
DA:58,1
DA:59,0
DA:60,0
DA:62,1
LF:30
LH:28
BRDA:41,1,0,1
BRDA:41,1,1,0
BRDA:58,2,0,0
BRDA:58,2,1,1
BRF:4
BRH:2
end_of_record
TN:
SF:/Users/piotrp/code/github/piotrpMSFT/omnisharp-vscode/out/src/omnisharp/extension.ts
FN:39,activate
FN:53,(anonymous_1)
FN:85,(anonymous_2)
FN:94,(anonymous_3)
FN:96,(anonymous_4)
FN:108,(anonymous_5)
FN:110,(anonymous_6)
FN:116,(anonymous_7)
FN:126,(anonymous_8)
FN:130,(anonymous_9)
FN:133,(anonymous_10)
FN:138,(anonymous_11)
FN:139,(anonymous_12)
FN:140,(anonymous_13)
FN:150,(anonymous_14)
FN:157,(anonymous_15)
FN:167,(anonymous_16)
FN:167,(anonymous_17)
FNF:18
FNH:14
FNDA:1,activate
FNDA:1,(anonymous_1)
FNDA:1,(anonymous_2)
FNDA:1,(anonymous_3)
FNDA:0,(anonymous_4)
FNDA:1,(anonymous_5)
FNDA:1,(anonymous_6)
FNDA:0,(anonymous_7)
FNDA:1,(anonymous_8)
FNDA:1,(anonymous_9)
FNDA:0,(anonymous_10)
FNDA:1,(anonymous_11)
FNDA:1,(anonymous_12)
FNDA:1,(anonymous_13)
FNDA:1,(anonymous_14)
FNDA:0,(anonymous_15)
FNDA:1,(anonymous_16)
FNDA:1,(anonymous_17)
DA:6,1
DA:7,1
DA:9,1
DA:10,1
DA:11,1
DA:13,1
DA:14,1
DA:15,1
DA:16,1
DA:17,1
DA:18,1
DA:19,1
DA:20,1
DA:21,1
DA:22,1
DA:23,1
DA:24,1
DA:25,1
DA:26,1
DA:27,1
DA:28,1
DA:30,1
DA:31,1
DA:32,1
DA:33,1
DA:34,1
DA:39,1
DA:40,1
DA:45,1
DA:47,1
DA:48,1
DA:49,1
DA:50,1
DA:51,1
DA:53,1
DA:55,1
DA:56,1
DA:57,1
DA:59,1
DA:60,1
DA:61,1
DA:62,1
DA:63,1
DA:64,1
DA:65,1
DA:66,1
DA:67,1
DA:68,1
DA:69,1
DA:70,1
DA:71,1
DA:72,1
DA:73,1
DA:75,1
DA:76,1
DA:77,1
DA:78,1
DA:79,1
DA:80,1
DA:81,1
DA:82,1
DA:85,1
DA:87,1
DA:90,1
DA:91,1
DA:93,1
DA:94,1
DA:96,1
DA:97,0
DA:98,0
DA:106,1
DA:107,1
DA:108,1
DA:109,1
DA:111,1
DA:112,0
DA:113,0
DA:114,0
DA:115,0
DA:117,0
DA:118,0
DA:126,1
DA:127,1
DA:129,1
DA:131,1
DA:132,0
DA:133,0
DA:136,1
DA:137,1
DA:138,1
DA:139,1
DA:140,1
DA:145,1
DA:150,1
DA:152,1
DA:153,1
DA:157,1
DA:158,0
DA:159,0
DA:163,1
DA:165,1
DA:167,1
LF:102
LH:90
BRDA:71,1,0,1
BRDA:71,1,1,0
BRDA:93,2,0,1
BRDA:93,2,1,0
BRDA:97,3,0,0
BRDA:97,3,1,0
BRDA:107,4,0,1
BRDA:107,4,1,0
BRDA:111,5,0,0
BRDA:111,5,1,1
BRDA:111,6,0,1
BRDA:111,6,1,1
BRDA:131,7,0,0
BRDA:131,7,1,1
BRDA:131,8,0,1
BRDA:131,8,1,1
BRDA:136,9,0,1
BRDA:136,9,1,0
BRDA:136,10,0,1
BRDA:136,10,1,1
BRDA:139,11,0,0
BRDA:139,11,1,1
BRDA:140,12,0,1
BRDA:140,12,1,0
BRDA:152,13,0,1
BRDA:152,13,1,0
BRF:26
BRH:15
end_of_record
TN:
SF:/Users/piotrp/code/github/piotrpMSFT/omnisharp-vscode/out/src/omnisharp/utils.ts
FN:12,autoComplete
FN:16,codeCheck
FN:20,currentFileMembersAsTree
FN:24,filesChanged
FN:28,findImplementations
FN:32,findSymbols
FN:36,findUsages
FN:40,formatAfterKeystroke
FN:44,formatRange
FN:48,getCodeActions
FN:52,goToDefinition
FN:56,rename
FN:60,requestProjectInformation
FN:64,requestWorkspaceInformation
FN:68,runCodeAction
FN:72,signatureHelp
FN:76,typeLookup
FN:80,updateBuffer
FN:84,getMetadata
FN:88,getTestStartInfo
FN:92,runTest
FN:96,runTestsInClass
FN:100,debugTestGetStartInfo
FN:104,debugTestClassGetStartInfo
FN:108,debugTestLaunch
FN:112,debugTestStop
FN:116,isNetCoreProject
FN:117,(anonymous_27)
FNF:28
FNH:12
FNDA:0,autoComplete
FNDA:3,codeCheck
FNDA:3,currentFileMembersAsTree
FNDA:36,filesChanged
FNDA:0,findImplementations
FNDA:0,findSymbols
FNDA:2,findUsages
FNDA:0,formatAfterKeystroke
FNDA:0,formatRange
FNDA:7,getCodeActions
FNDA:0,goToDefinition
FNDA:0,rename
FNDA:2,requestProjectInformation
FNDA:6,requestWorkspaceInformation
FNDA:1,runCodeAction
FNDA:8,signatureHelp
FNDA:1,typeLookup
FNDA:0,updateBuffer
FNDA:0,getMetadata
FNDA:0,getTestStartInfo
FNDA:0,runTest
FNDA:0,runTestsInClass
FNDA:0,debugTestGetStartInfo
FNDA:0,debugTestClassGetStartInfo
FNDA:0,debugTestLaunch
FNDA:0,debugTestStop
FNDA:1,isNetCoreProject
FNDA:1,(anonymous_27)
DA:9,1
DA:12,1
DA:13,0
DA:16,1
DA:17,3
DA:20,1
DA:21,3
DA:24,1
DA:25,36
DA:28,1
DA:29,0
DA:32,1
DA:33,0
DA:36,1
DA:37,2
DA:40,1
DA:41,0
DA:44,1
DA:45,0
DA:48,1
DA:49,7
DA:52,1
DA:53,0
DA:56,1
DA:57,0
DA:60,1
DA:61,2
DA:64,1
DA:65,6
DA:68,1
DA:69,1
DA:72,1
DA:73,8
DA:76,1
DA:77,1
DA:80,1
DA:81,0
DA:84,1
DA:85,0
DA:88,1
DA:89,0
DA:92,1
DA:93,0
DA:96,1
DA:97,0
DA:100,1
DA:101,0
DA:104,1
DA:105,0
DA:108,1
DA:109,0
DA:112,1
DA:113,0
DA:116,1
DA:117,1
LF:55
LH:39
BRDA:117,1,0,1
BRDA:117,1,1,0
BRF:2
BRH:1
end_of_record
TN:
SF:/Users/piotrp/code/github/piotrpMSFT/omnisharp-vscode/out/src/omnisharp/protocol.ts
FN:10,(anonymous_0)
FN:379,(anonymous_1)
FN:452,(anonymous_2)
FN:458,(anonymous_3)
FN:460,(anonymous_4)
FN:601,(anonymous_5)
FN:628,findNetFrameworkTargetFramework
FN:630,(anonymous_7)
FN:633,findNetCoreAppTargetFramework
FN:634,(anonymous_9)
FN:637,findNetStandardTargetFramework
FN:638,(anonymous_11)
FN:641,isDotNetCoreProject
FN:653,getDotNetCoreProjectDescriptors
FN:681,findExecutableMSBuildProjects
FN:684,(anonymous_15)
FN:693,findExecutableProjectJsonProjects
FN:696,(anonymous_17)
FN:697,(anonymous_18)
FN:709,containsDotNetCoreProjects
FNF:20
FNH:12
FNDA:1,(anonymous_0)
FNDA:1,(anonymous_1)
FNDA:1,(anonymous_2)
FNDA:1,(anonymous_3)
FNDA:1,(anonymous_4)
FNDA:1,(anonymous_5)
FNDA:0,findNetFrameworkTargetFramework
FNDA:0,(anonymous_7)
FNDA:6,findNetCoreAppTargetFramework
FNDA:6,(anonymous_9)
FNDA:0,findNetStandardTargetFramework
FNDA:0,(anonymous_11)
FNDA:0,isDotNetCoreProject
FNDA:0,getDotNetCoreProjectDescriptors
FNDA:4,findExecutableMSBuildProjects
FNDA:4,(anonymous_15)
FNDA:2,findExecutableProjectJsonProjects
FNDA:0,(anonymous_17)
FNDA:0,(anonymous_18)
FNDA:2,containsDotNetCoreProjects
DA:8,1
DA:10,1
DA:11,1
DA:12,1
DA:13,1
DA:14,1
DA:15,1
DA:16,1
DA:17,1
DA:18,1
DA:19,1
DA:20,1
DA:21,1
DA:22,1
DA:23,1
DA:24,1
DA:25,1
DA:26,1
DA:27,1
DA:28,1
DA:29,1
DA:30,1
DA:31,1
DA:32,1
DA:33,1
DA:379,1
DA:381,1
DA:382,1
DA:383,1
DA:452,1
DA:453,1
DA:454,1
DA:455,1
DA:458,1
DA:460,1
DA:461,1
DA:462,1
DA:463,1
DA:464,1
DA:465,1
DA:466,1
DA:467,1
DA:468,1
DA:469,1
DA:601,1
DA:602,1
DA:603,1
DA:604,1
DA:605,1
DA:606,1
DA:628,1
DA:629,0
DA:630,0
DA:633,1
DA:634,6
DA:637,1
DA:638,0
DA:641,1
DA:642,0
DA:653,1
DA:654,0
DA:656,0
DA:657,0
DA:658,0
DA:666,0
DA:667,0
DA:668,0
DA:669,0
DA:678,0
DA:681,1
DA:682,4
DA:684,4
DA:685,4
DA:686,4
DA:690,4
DA:693,1
DA:694,2
DA:696,2
DA:697,0
DA:698,0
DA:699,0
DA:700,0
DA:706,2
DA:709,1
DA:710,2
DA:711,0
DA:714,2
DA:715,2
DA:718,0
LF:89
LH:70
BRDA:10,1,0,1
BRDA:10,1,1,1
BRDA:379,2,0,1
BRDA:379,2,1,1
BRDA:452,3,0,1
BRDA:452,3,1,1
BRDA:460,4,0,1
BRDA:460,4,1,1
BRDA:601,5,0,1
BRDA:601,5,1,1
BRDA:458,6,0,1
BRDA:458,6,1,1
BRDA:642,7,0,0
BRDA:642,7,1,0
BRDA:642,7,2,0
BRDA:656,8,0,0
BRDA:656,8,1,0
BRDA:656,9,0,0
BRDA:656,9,1,0
BRDA:666,10,0,0
BRDA:666,10,1,0
BRDA:666,11,0,0
BRDA:666,11,1,0
BRDA:668,12,0,0
BRDA:668,12,1,0
BRDA:685,13,0,4
BRDA:685,13,1,0
BRDA:685,14,0,4
BRDA:685,14,1,4
BRDA:698,15,0,0
BRDA:698,15,1,0
BRDA:698,16,0,0
BRDA:698,16,1,0
BRDA:699,17,0,0
BRDA:699,17,1,0
BRDA:710,18,0,0
BRDA:710,18,1,2
BRDA:710,19,0,2
BRDA:710,19,1,2
BRDA:714,20,0,2
BRDA:714,20,1,0
BRDA:714,21,0,2
BRDA:714,21,1,2
BRF:43
BRH:21
end_of_record
TN:
SF:/Users/piotrp/code/github/piotrpMSFT/omnisharp-vscode/out/src/assets.ts
FN:30,(anonymous_6)
FN:63,(anonymous_7)
FN:97,(anonymous_8)
FN:111,(anonymous_9)
FN:147,(anonymous_10)
FN:164,(anonymous_11)
FN:179,(anonymous_12)
FN:200,(anonymous_13)
FN:215,(anonymous_14)
FN:223,createWebLaunchConfiguration
FN:259,createLaunchConfiguration
FN:278,createAttachConfiguration
FN:294,hasAddOperations
FN:298,getOperations
FN:300,(anonymous_20)
FN:307,getBuildTasks
FN:313,findBuildTask
FN:317,(anonymous_23)
FN:321,(anonymous_24)
FN:346,getBuildOperations
FN:347,(anonymous_26)
FN:348,(anonymous_27)
FN:350,(anonymous_28)
FN:378,getLaunchOperations
FN:379,(anonymous_30)
FN:380,(anonymous_31)
FN:392,(anonymous_32)
FN:402,promptToAddAssets
FN:403,(anonymous_34)
FN:412,(anonymous_35)
FN:416,addTasksJsonIfNecessary
FN:417,(anonymous_37)
FN:432,(anonymous_38)
FN:442,indentJsonString
FN:443,(anonymous_40)
FN:446,addLaunchJsonIfNecessary
FN:447,(anonymous_42)
FN:482,(anonymous_43)
FN:492,addAssets
FN:501,(anonymous_45)
FN:508,addAssetsIfNecessary
FN:509,(anonymous_47)
FN:514,(anonymous_48)
FN:518,(anonymous_49)
FN:523,(anonymous_50)
FN:532,(anonymous_51)
FN:534,(anonymous_52)
FN:540,(anonymous_53)
FN:544,doesAnyAssetExist
FN:545,(anonymous_55)
FN:546,(anonymous_56)
FN:551,(anonymous_57)
FN:559,deleteAssets
FN:566,shouldGenerateAssets
FN:567,(anonymous_60)
FN:568,(anonymous_61)
FN:574,(anonymous_62)
FN:576,(anonymous_63)
FN:593,generateAssets
FNF:59
FNH:44
FNDA:2,(anonymous_6)
FNDA:2,(anonymous_7)
FNDA:0,(anonymous_8)
FNDA:1,(anonymous_9)
FNDA:1,(anonymous_10)
FNDA:1,(anonymous_11)
FNDA:1,(anonymous_12)
FNDA:1,(anonymous_13)
FNDA:1,(anonymous_14)
FNDA:0,createWebLaunchConfiguration
FNDA:1,createLaunchConfiguration
FNDA:1,createAttachConfiguration
FNDA:2,hasAddOperations
FNDA:2,getOperations
FNDA:2,(anonymous_20)
FNDA:0,getBuildTasks
FNDA:0,findBuildTask
FNDA:0,(anonymous_23)
FNDA:0,(anonymous_24)
FNDA:2,getBuildOperations
FNDA:2,(anonymous_26)
FNDA:2,(anonymous_27)
FNDA:0,(anonymous_28)
FNDA:2,getLaunchOperations
FNDA:2,(anonymous_30)
FNDA:2,(anonymous_31)
FNDA:1,(anonymous_32)
FNDA:1,promptToAddAssets
FNDA:1,(anonymous_34)
FNDA:0,(anonymous_35)
FNDA:1,addTasksJsonIfNecessary
FNDA:1,(anonymous_37)
FNDA:1,(anonymous_38)
FNDA:3,indentJsonString
FNDA:45,(anonymous_40)
FNDA:1,addLaunchJsonIfNecessary
FNDA:1,(anonymous_42)
FNDA:1,(anonymous_43)
FNDA:1,addAssets
FNDA:1,(anonymous_45)
FNDA:1,addAssetsIfNecessary
FNDA:1,(anonymous_47)
FNDA:1,(anonymous_48)
FNDA:1,(anonymous_49)
FNDA:0,(anonymous_50)
FNDA:0,(anonymous_51)
FNDA:0,(anonymous_52)
FNDA:0,(anonymous_53)
FNDA:1,doesAnyAssetExist
FNDA:1,(anonymous_55)
FNDA:1,(anonymous_56)
FNDA:1,(anonymous_57)
FNDA:0,deleteAssets
FNDA:1,shouldGenerateAssets
FNDA:1,(anonymous_60)
FNDA:1,(anonymous_61)
FNDA:0,(anonymous_62)
FNDA:0,(anonymous_63)
FNDA:1,generateAssets
DA:6,1
DA:7,1
DA:8,1
DA:9,1
DA:11,1
DA:12,1
DA:15,1
DA:17,1
DA:31,2
DA:32,0
DA:35,2
DA:37,2
DA:38,2
DA:41,2
DA:42,0
DA:45,2
DA:46,0
DA:49,2
DA:50,2
DA:53,2
DA:56,2
DA:57,2
DA:58,2
DA:60,2
DA:66,2
DA:69,2
DA:70,2
DA:72,2
DA:76,2
DA:77,2
DA:78,2
DA:79,2
DA:80,2
DA:81,2
DA:82,2
DA:83,2
DA:88,0
DA:92,0
DA:96,0
DA:97,0
DA:98,0
DA:99,0
DA:100,0
DA:101,0
DA:102,0
DA:103,0
DA:104,0
DA:108,0
DA:114,1
DA:115,0
DA:118,1
DA:120,1
DA:123,0
DA:124,0
DA:127,0
DA:128,0
DA:131,0
DA:132,0
DA:135,0
DA:136,0
DA:137,0
DA:144,1
DA:148,1
DA:150,0
DA:153,1
DA:155,1
DA:156,1
DA:159,1
DA:161,1
DA:165,1
DA:167,0
DA:170,1
DA:172,1
DA:173,1
DA:176,1
DA:180,1
DA:181,1
DA:182,1
DA:183,1
DA:190,0
DA:191,0
DA:192,0
DA:201,1
DA:202,1
DA:203,1
DA:206,1
DA:216,1
DA:223,1
DA:224,0
DA:259,1
DA:260,1
DA:278,1
DA:279,1
DA:295,2
DA:299,2
DA:300,2
DA:308,0
DA:310,0
DA:311,0
DA:314,0
DA:316,0
DA:317,0
DA:320,0
DA:321,0
DA:324,0
DA:325,0
DA:329,0
DA:331,0
DA:332,0
DA:335,0
DA:336,0
DA:339,0
DA:340,0
DA:343,0
DA:347,2
DA:348,2
DA:349,2
DA:350,0
DA:351,0
DA:352,0
DA:355,0
DA:358,0
DA:359,0
DA:362,0
DA:363,0
DA:366,0
DA:368,0
DA:372,2
DA:379,2
DA:380,2
DA:381,2
DA:382,0
DA:385,2
DA:386,2
DA:392,1
DA:393,1
DA:394,1
DA:395,1
DA:403,1
DA:404,1
DA:405,1
DA:406,1
DA:408,1
DA:410,1
DA:412,0
DA:416,1
DA:417,1
DA:418,1
DA:419,0
DA:423,1
DA:424,1
DA:425,1
DA:427,1
DA:428,0
DA:431,1
DA:432,1
DA:433,1
DA:434,0
DA:437,1
DA:443,45
DA:447,1
DA:448,1
DA:449,0
DA:453,1
DA:454,1
DA:456,1
DA:457,1
DA:459,1
DA:460,1
DA:461,1
DA:462,1
DA:463,1
DA:465,1
DA:466,1
DA:467,1
DA:468,1
DA:472,1
DA:473,1
DA:482,1
DA:483,1
DA:484,0
DA:487,1
DA:493,1
DA:498,1
DA:501,1
DA:502,1
DA:503,1
DA:504,1
DA:505,1
DA:508,1
DA:509,1
DA:510,1
DA:511,0
DA:514,1
DA:516,1
DA:517,1
DA:518,1
DA:519,1
DA:520,0
DA:523,1
DA:524,0
DA:525,0
DA:528,0
DA:529,0
DA:532,0
DA:533,0
DA:534,0
DA:540,0
DA:545,1
DA:546,1
DA:547,1
DA:548,0
DA:551,1
DA:552,1
DA:560,0
DA:567,1
DA:568,1
DA:569,1
DA:570,0
DA:571,0
DA:573,0
DA:575,0
DA:576,0
DA:580,0
DA:586,1
DA:593,1
DA:594,1
DA:595,1
DA:596,1
DA:597,1
DA:598,1
DA:599,1
DA:600,1
DA:601,1
DA:602,1
DA:607,0
LF:236
LH:151
BRDA:30,1,0,2
BRDA:31,2,0,0
BRDA:31,2,1,2
BRDA:37,3,0,2
BRDA:37,3,1,0
BRDA:37,4,0,2
BRDA:37,4,1,2
BRDA:41,5,0,0
BRDA:41,5,1,2
BRDA:41,6,0,2
BRDA:41,6,1,2
BRDA:45,7,0,0
BRDA:45,7,1,2
BRDA:45,8,0,2
BRDA:45,8,1,2
BRDA:45,8,2,2
BRDA:49,9,0,2
BRDA:49,9,1,0
BRDA:49,10,0,2
BRDA:49,10,1,2
BRDA:69,11,0,2
BRDA:69,11,1,0
BRDA:69,12,0,2
BRDA:69,12,1,2
BRDA:73,13,0,2
BRDA:73,13,1,0
BRDA:76,14,0,2
BRDA:76,14,1,0
BRDA:93,15,0,0
BRDA:93,15,1,0
BRDA:96,16,0,0
BRDA:96,16,1,0
BRDA:96,17,0,0
BRDA:96,17,1,0
BRDA:98,18,0,0
BRDA:98,18,1,0
BRDA:114,19,0,0
BRDA:114,19,1,1
BRDA:120,20,0,0
BRDA:120,20,1,1
BRDA:131,21,0,0
BRDA:131,21,1,0
BRDA:136,22,0,0
BRDA:136,22,1,0
BRDA:148,23,0,0
BRDA:148,23,1,1
BRDA:155,24,0,1
BRDA:155,24,1,0
BRDA:165,25,0,0
BRDA:165,25,1,1
BRDA:172,26,0,1
BRDA:172,26,1,0
BRDA:180,27,0,1
BRDA:180,27,1,0
BRDA:202,28,0,1
BRDA:202,28,1,0
BRDA:295,29,0,2
BRDA:295,29,1,0
BRDA:316,30,0,0
BRDA:316,30,1,0
BRDA:316,31,0,0
BRDA:316,31,1,0
BRDA:320,32,0,0
BRDA:320,32,1,0
BRDA:320,33,0,0
BRDA:320,33,1,0
BRDA:324,34,0,0
BRDA:324,34,1,0
BRDA:331,35,0,0
BRDA:331,35,1,0
BRDA:335,36,0,0
BRDA:335,36,1,0
BRDA:339,37,0,0
BRDA:339,37,1,0
BRDA:349,38,0,0
BRDA:349,38,1,2
BRDA:351,39,0,0
BRDA:351,39,1,0
BRDA:381,40,0,0
BRDA:381,40,1,2
BRDA:392,41,0,1
BRDA:392,41,1,1
BRDA:418,42,0,0
BRDA:418,42,1,1
BRDA:427,43,0,0
BRDA:427,43,1,1
BRDA:433,44,0,0
BRDA:433,44,1,1
BRDA:442,45,0,3
BRDA:448,46,0,0
BRDA:448,46,1,1
BRDA:459,47,0,1
BRDA:459,47,1,0
BRDA:465,48,0,1
BRDA:465,48,1,0
BRDA:465,49,0,1
BRDA:465,49,1,1
BRDA:465,49,2,1
BRDA:483,50,0,0
BRDA:483,50,1,1
BRDA:501,51,0,1
BRDA:501,51,1,1
BRDA:510,52,0,0
BRDA:510,52,1,1
BRDA:516,53,0,1
BRDA:516,53,1,0
BRDA:519,54,0,0
BRDA:519,54,1,1
BRDA:524,55,0,0
BRDA:524,55,1,0
BRDA:528,56,0,0
BRDA:528,56,1,0
BRDA:547,57,0,0
BRDA:547,57,1,1
BRDA:569,58,0,0
BRDA:569,58,1,1
BRDA:575,59,0,0
BRDA:575,59,1,0
BRDA:595,60,0,1
BRDA:595,60,1,0
BRDA:598,61,0,1
BRDA:598,61,1,0
BRDA:600,62,0,1
BRDA:600,62,1,0
BRF:124
BRH:54
end_of_record
TN:
SF:/Users/piotrp/code/github/piotrpMSFT/omnisharp-vscode/out/src/common.ts
FN:13,setExtensionPath
FN:17,getExtensionPath
FN:25,isBoolean
FN:29,sum
FN:30,(anonymous_4)
FN:34,safeLength
FN:38,buildPromiseChain
FN:40,(anonymous_7)
FN:40,(anonymous_8)
FN:44,execChildProcess
FN:45,(anonymous_10)
FN:46,(anonymous_11)
FN:60,getUnixChildProcessIds
FN:61,(anonymous_13)
FN:62,(anonymous_14)
FN:77,(anonymous_15)
FN:95,fileExists
FN:96,(anonymous_17)
FN:97,(anonymous_18)
FN:108,deleteIfExists
FN:110,(anonymous_20)
FN:111,(anonymous_21)
FN:116,(anonymous_22)
FN:127,(anonymous_23)
FN:132,getInstallFilePath
FN:137,installFileExists
FN:141,touchInstallFile
FN:142,(anonymous_27)
FN:143,(anonymous_28)
FN:154,deleteInstallFile
FN:155,(anonymous_30)
FN:156,(anonymous_31)
FN:167,convertNativePathToPosix
FN:180,isSubfolderOf
FN:185,(anonymous_34)
FNF:35
FNH:19
FNDA:1,setExtensionPath
FNDA:13,getExtensionPath
FNDA:1,isBoolean
FNDA:3,sum
FNDA:3,(anonymous_4)
FNDA:1,safeLength
FNDA:2,buildPromiseChain
FNDA:2,(anonymous_7)
FNDA:2,(anonymous_8)
FNDA:2,execChildProcess
FNDA:2,(anonymous_10)
FNDA:2,(anonymous_11)
FNDA:0,getUnixChildProcessIds
FNDA:0,(anonymous_13)
FNDA:0,(anonymous_14)
FNDA:0,(anonymous_15)
FNDA:2,fileExists
FNDA:2,(anonymous_17)
FNDA:2,(anonymous_18)
FNDA:0,deleteIfExists
FNDA:0,(anonymous_20)
FNDA:0,(anonymous_21)
FNDA:0,(anonymous_22)
FNDA:1,(anonymous_23)
FNDA:1,getInstallFilePath
FNDA:1,installFileExists
FNDA:0,touchInstallFile
FNDA:0,(anonymous_27)
FNDA:0,(anonymous_28)
FNDA:0,deleteInstallFile
FNDA:0,(anonymous_30)
FNDA:0,(anonymous_31)
FNDA:3,convertNativePathToPosix
FNDA:0,isSubfolderOf
FNDA:0,(anonymous_34)
DA:6,1
DA:7,1
DA:8,1
DA:9,1
DA:13,1
DA:14,1
DA:17,1
DA:18,13
DA:19,0
DA:22,13
DA:25,1
DA:26,1
DA:29,1
DA:30,3
DA:34,1
DA:35,1
DA:38,1
DA:39,2
DA:40,2
DA:44,1
DA:45,2
DA:46,2
DA:47,2
DA:48,0
DA:50,2
DA:51,0
DA:54,2
DA:60,1
DA:61,0
DA:62,0
DA:64,0
DA:65,0
DA:68,0
DA:69,0
DA:72,0
DA:73,0
DA:76,0
DA:77,0
DA:79,0
DA:81,0
DA:82,0
DA:83,0
DA:84,0
DA:88,0
DA:91,0
DA:95,1
DA:96,2
DA:97,2
DA:98,2
DA:99,2
DA:102,0
DA:108,1
DA:109,0
DA:111,0
DA:112,0
DA:113,0
DA:116,0
DA:117,0
DA:118,0
DA:121,0
DA:127,1
DA:128,1
DA:129,1
DA:133,1
DA:134,1
DA:137,1
DA:138,1
DA:141,1
DA:142,0
DA:143,0
DA:144,0
DA:145,0
DA:146,0
DA:149,0
DA:154,1
DA:155,0
DA:156,0
DA:157,0
DA:158,0
DA:159,0
DA:162,0
DA:167,1
DA:168,3
DA:169,3
DA:180,1
DA:181,0
DA:182,0
DA:185,0
LF:88
LH:44
BRDA:18,1,0,0
BRDA:18,1,1,13
BRDA:26,2,0,1
BRDA:26,2,1,0
BRDA:35,3,0,1
BRDA:35,3,1,0
BRDA:44,4,0,2
BRDA:47,5,0,0
BRDA:47,5,1,2
BRDA:50,6,0,0
BRDA:50,6,1,2
BRDA:50,7,0,2
BRDA:50,7,1,0
BRDA:64,8,0,0
BRDA:64,8,1,0
BRDA:68,9,0,0
BRDA:68,9,1,0
BRDA:72,10,0,0
BRDA:72,10,1,0
BRDA:83,11,0,0
BRDA:83,11,1,0
BRDA:98,12,0,2
BRDA:98,12,1,0
BRDA:98,13,0,2
BRDA:98,13,1,2
BRDA:112,14,0,0
BRDA:112,14,1,0
BRDA:117,15,0,0
BRDA:117,15,1,0
BRDA:127,16,0,1
BRDA:127,16,1,1
BRDA:144,17,0,0
BRDA:144,17,1,0
BRDA:157,18,0,0
BRDA:157,18,1,0
BRDA:185,19,0,0
BRDA:185,19,1,0
BRF:37
BRH:12
end_of_record
TN:
SF:/Users/piotrp/code/github/piotrpMSFT/omnisharp-vscode/out/src/json.ts
FN:48,isLineBreak
FN:57,isWhitespace
FN:76,cleanJsonText
FN:84,next
FN:90,peek
FN:99,peekPastWhitespace
FN:112,scanString
FN:214,tolerantParse
FNF:8
FNH:0
FNDA:0,isLineBreak
FNDA:0,isWhitespace
FNDA:0,cleanJsonText
FNDA:0,next
FNDA:0,peek
FNDA:0,peekPastWhitespace
FNDA:0,scanString
FNDA:0,tolerantParse
DA:49,0
DA:58,0
DA:78,0
DA:79,0
DA:81,0
DA:82,0
DA:85,0
DA:86,0
DA:87,0
DA:91,0
DA:92,0
DA:95,0
DA:100,0
DA:101,0
DA:103,0
DA:104,0
DA:105,0
DA:109,0
DA:113,0
DA:114,0
DA:115,0
DA:118,0
DA:120,0
DA:122,0
DA:125,0
DA:128,0
DA:131,0
DA:133,0
DA:138,0
DA:139,0
DA:141,0
DA:145,0
DA:146,0
DA:150,0
DA:151,0
DA:156,0
DA:158,0
DA:161,0
DA:162,0
DA:163,0
DA:164,0
DA:167,0
DA:170,0
DA:174,0
DA:176,0
DA:179,0
DA:180,0
DA:181,0
DA:182,0
DA:183,0
DA:186,0
DA:189,0
DA:192,0
DA:196,0
DA:197,0
DA:198,0
DA:199,0
DA:202,0
DA:205,0
DA:206,0
DA:207,0
DA:211,0
DA:214,1
DA:215,0
DA:216,0
LF:65
LH:1
BRDA:49,1,0,0
BRDA:49,1,1,0
BRDA:49,1,2,0
BRDA:49,1,3,0
BRDA:49,1,4,0
BRDA:49,1,5,0
BRDA:58,2,0,0
BRDA:58,2,1,0
BRDA:58,2,2,0
BRDA:58,2,3,0
BRDA:58,2,4,0
BRDA:58,2,5,0
BRDA:58,2,6,0
BRDA:58,2,7,0
BRDA:58,2,8,0
BRDA:58,2,9,0
BRDA:58,2,10,0
BRDA:58,2,11,0
BRDA:58,2,12,0
BRDA:58,2,13,0
BRDA:58,2,14,0
BRDA:58,2,15,0
BRDA:58,2,16,0
BRDA:90,3,0,0
BRDA:91,4,0,0
BRDA:91,4,1,0
BRDA:114,5,0,0
BRDA:114,5,1,0
BRDA:120,6,0,0
BRDA:120,6,1,0
BRDA:125,7,0,0
BRDA:125,7,1,0
BRDA:131,8,0,0
BRDA:131,8,1,0
BRDA:143,9,0,0
BRDA:143,9,1,0
BRDA:143,9,2,0
BRDA:143,9,3,0
BRDA:156,10,0,0
BRDA:156,10,1,0
BRDA:163,11,0,0
BRDA:163,11,1,0
BRDA:174,12,0,0
BRDA:174,12,1,0
BRDA:181,13,0,0
BRDA:181,13,1,0
BRDA:181,14,0,0
BRDA:181,14,1,0
BRDA:197,15,0,0
BRDA:197,15,1,0
BRDA:197,16,0,0
BRDA:197,16,1,0
BRDA:205,17,0,0
BRDA:205,17,1,0
BRDA:205,18,0,0
BRDA:205,18,1,0
BRF:56
BRH:0
end_of_record
TN:
SF:/Users/piotrp/code/github/piotrpMSFT/omnisharp-vscode/out/src/features/diagnosticsProvider.ts
FN:21,(anonymous_0)
FN:32,(anonymous_1)
FN:36,(anonymous_2)
FN:41,(anonymous_3)
FN:47,(anonymous_4)
FN:51,(anonymous_5)
FN:61,(anonymous_6)
FN:71,(anonymous_7)
FN:75,(anonymous_8)
FN:79,(anonymous_9)
FN:83,(anonymous_10)
FN:87,(anonymous_11)
FN:91,(anonymous_12)
FN:95,(anonymous_13)
FN:99,(anonymous_14)
FN:112,reportDiagnostics
FN:124,(anonymous_16)
FN:132,(anonymous_17)
FN:133,(anonymous_18)
FN:146,(anonymous_19)
FN:158,(anonymous_20)
FN:165,(anonymous_21)
FN:183,(anonymous_22)
FN:195,(anonymous_23)
FN:196,(anonymous_24)
FN:216,(anonymous_25)
FN:220,(anonymous_26)
FN:231,(anonymous_27)
FN:233,(anonymous_28)
FN:237,(anonymous_29)
FN:260,(anonymous_30)
FN:261,(anonymous_31)
FN:272,(anonymous_32)
FN:277,(anonymous_33)
FN:288,(anonymous_34)
FN:290,(anonymous_35)
FN:294,(anonymous_36)
FN:306,(anonymous_37)
FNF:38
FNH:31
FNDA:1,(anonymous_0)
FNDA:0,(anonymous_1)
FNDA:4,(anonymous_2)
FNDA:8,(anonymous_3)
FNDA:2,(anonymous_4)
FNDA:2,(anonymous_5)
FNDA:0,(anonymous_6)
FNDA:1,(anonymous_7)
FNDA:0,(anonymous_8)
FNDA:1,(anonymous_9)
FNDA:0,(anonymous_10)
FNDA:0,(anonymous_11)
FNDA:12,(anonymous_12)
FNDA:12,(anonymous_13)
FNDA:8,(anonymous_14)
FNDA:1,reportDiagnostics
FNDA:1,(anonymous_16)
FNDA:9,(anonymous_17)
FNDA:0,(anonymous_18)
FNDA:0,(anonymous_19)
FNDA:9,(anonymous_20)
FNDA:7,(anonymous_21)
FNDA:4,(anonymous_22)
FNDA:2,(anonymous_23)
FNDA:2,(anonymous_24)
FNDA:3,(anonymous_25)
FNDA:8,(anonymous_26)
FNDA:1,(anonymous_27)
FNDA:1,(anonymous_28)
FNDA:62,(anonymous_29)
FNDA:2,(anonymous_30)
FNDA:9,(anonymous_31)
FNDA:7,(anonymous_32)
FNDA:44,(anonymous_33)
FNDA:44,(anonymous_34)
FNDA:44,(anonymous_35)
FNDA:44,(anonymous_36)
FNDA:44,(anonymous_37)
DA:7,1
DA:9,1
DA:10,1
DA:11,1
DA:14,1
DA:18,1
DA:19,1
DA:22,1
DA:24,1
DA:25,1
DA:26,1
DA:27,1
DA:28,1
DA:29,1
DA:33,0
DA:37,4
DA:42,8
DA:48,2
DA:52,2
DA:53,0
DA:56,2
DA:57,2
DA:62,0
DA:63,0
DA:66,0
DA:67,0
DA:72,1
DA:76,0
DA:80,1
DA:84,0
DA:88,0
DA:92,12
DA:96,12
DA:100,8
DA:101,8
DA:102,7
DA:103,7
DA:104,0
DA:108,8
DA:112,1
DA:113,1
DA:120,1
DA:125,1
DA:127,1
DA:128,1
DA:130,1
DA:131,1
DA:132,9
DA:133,1
DA:134,1
DA:135,1
DA:138,1
DA:139,0
DA:140,0
DA:141,0
DA:147,0
DA:148,0
DA:151,0
DA:152,0
DA:155,0
DA:159,9
DA:160,4
DA:161,4
DA:166,7
DA:167,7
DA:168,7
DA:169,0
DA:170,0
DA:171,0
DA:173,7
DA:174,3
DA:175,3
DA:176,3
DA:178,7
DA:179,3
DA:185,4
DA:186,4
DA:187,0
DA:190,4
DA:191,0
DA:194,4
DA:195,4
DA:196,2
DA:198,2
DA:201,2
DA:202,0
DA:203,0
DA:206,0
DA:210,2
DA:212,2
DA:216,4
DA:217,4
DA:222,8
DA:223,7
DA:226,8
DA:227,0
DA:230,8
DA:231,8
DA:233,1
DA:235,1
DA:237,62
DA:239,1
DA:242,1
DA:244,34
DA:245,34
DA:247,34
DA:248,30
DA:253,4
DA:254,4
DA:255,4
DA:260,1
DA:261,9
DA:262,1
DA:267,1
DA:272,8
DA:273,7
DA:278,44
DA:279,44
DA:280,0
DA:282,44
DA:289,44
DA:290,44
DA:291,44
DA:295,44
DA:297,40
DA:299,0
DA:302,4
DA:307,44
DA:308,44
LF:129
LH:100
BRDA:37,1,0,4
BRDA:37,1,1,4
BRDA:42,2,0,8
BRDA:42,2,1,8
BRDA:42,2,2,8
BRDA:52,3,0,0
BRDA:52,3,1,2
BRDA:52,4,0,2
BRDA:52,4,1,0
BRDA:56,5,0,2
BRDA:56,5,1,0
BRDA:56,6,0,2
BRDA:56,6,1,2
BRDA:62,7,0,0
BRDA:62,7,1,0
BRDA:62,8,0,0
BRDA:62,8,1,0
BRDA:66,9,0,0
BRDA:66,9,1,0
BRDA:66,10,0,0
BRDA:66,10,1,0
BRDA:103,11,0,0
BRDA:103,11,1,7
BRDA:140,12,0,0
BRDA:140,12,1,0
BRDA:140,13,0,0
BRDA:140,13,1,0
BRDA:147,14,0,0
BRDA:147,14,1,0
BRDA:159,15,0,4
BRDA:159,15,1,5
BRDA:159,16,0,9
BRDA:159,16,1,4
BRDA:168,17,0,0
BRDA:168,17,1,7
BRDA:173,18,0,3
BRDA:173,18,1,4
BRDA:178,19,0,3
BRDA:178,19,1,4
BRDA:186,20,0,0
BRDA:186,20,1,4
BRDA:190,21,0,0
BRDA:190,21,1,4
BRDA:201,22,0,0
BRDA:201,22,1,2
BRDA:202,23,0,0
BRDA:202,23,1,0
BRDA:222,24,0,7
BRDA:222,24,1,1
BRDA:226,25,0,0
BRDA:226,25,1,8
BRDA:247,26,0,30
BRDA:247,26,1,4
BRDA:247,27,0,34
BRDA:247,27,1,33
BRDA:261,28,0,1
BRDA:261,28,1,1
BRDA:279,29,0,0
BRDA:279,29,1,44
BRDA:296,30,0,40
BRDA:296,30,1,0
BRDA:296,30,2,4
BRF:62
BRH:35
end_of_record
TN:
SF:/Users/piotrp/code/github/piotrpMSFT/omnisharp-vscode/out/src/features/abstractProvider.ts
FN:18,(anonymous_0)
FN:24,(anonymous_1)
FN:28,(anonymous_2)
FNF:3
FNH:2
FNDA:16,(anonymous_0)
FNDA:3,(anonymous_1)
FNDA:0,(anonymous_2)
DA:12,1
DA:19,16
DA:20,16
DA:21,16
DA:25,3
DA:29,0
DA:30,0
LF:7
LH:5
BRF:0
BRH:0
end_of_record
TN:
SF:/Users/piotrp/code/github/piotrpMSFT/omnisharp-vscode/out/src/omnisharp/typeConvertion.ts
FN:10,toLocation
FN:15,toLocationFromUri
FN:29,toRange
FN:34,toRange2
FN:39,createRequest
FN:67,toDocumentSymbol
FNF:6
FNH:2
FNDA:0,toLocation
FNDA:0,toLocationFromUri
FNDA:51,toRange
FNDA:0,toRange2
FNDA:9,createRequest
FNDA:0,toDocumentSymbol
DA:8,1
DA:10,1
DA:11,0
DA:12,0
DA:15,1
DA:16,0
DA:18,0
DA:19,0
DA:21,0
DA:22,0
DA:23,0
DA:26,0
DA:29,1
DA:30,51
DA:31,51
DA:34,1
DA:35,0
DA:36,0
DA:39,1
DA:43,9
DA:44,9
DA:45,9
DA:46,0
DA:47,0
DA:48,0
DA:53,9
DA:57,9
DA:64,9
DA:67,1
DA:69,0
DA:73,0
DA:74,0
DA:75,0
DA:78,0
DA:81,1
DA:82,1
DA:83,1
DA:84,1
DA:85,1
DA:86,1
DA:87,1
DA:88,1
DA:89,1
DA:90,1
DA:91,1
DA:92,1
LF:46
LH:27
BRDA:21,1,0,0
BRDA:21,1,1,0
BRDA:21,2,0,0
BRDA:21,2,1,0
BRDA:39,3,0,9
BRDA:43,4,0,9
BRDA:43,4,1,0
BRDA:46,5,0,0
BRDA:46,5,1,0
BRDA:54,6,0,0
BRDA:54,6,1,9
BRDA:59,7,0,0
BRDA:59,7,1,9
BRDA:73,8,0,0
BRDA:73,8,1,0
BRF:15
BRH:4
end_of_record
TN:
SF:/Users/piotrp/code/github/piotrpMSFT/omnisharp-vscode/out/src/configurationProvider.ts
FN:21,(anonymous_0)
FN:31,(anonymous_1)
FN:42,(anonymous_2)
FN:44,(anonymous_3)
FN:61,(anonymous_4)
FN:62,(anonymous_5)
FN:63,(anonymous_6)
FN:70,(anonymous_7)
FN:73,(anonymous_8)
FN:76,(anonymous_9)
FN:88,(anonymous_10)
FN:106,(anonymous_11)
FNF:12
FNH:2
FNDA:1,(anonymous_0)
FNDA:0,(anonymous_1)
FNDA:0,(anonymous_2)
FNDA:0,(anonymous_3)
FNDA:0,(anonymous_4)
FNDA:0,(anonymous_5)
FNDA:0,(anonymous_6)
FNDA:0,(anonymous_7)
FNDA:0,(anonymous_8)
FNDA:0,(anonymous_9)
FNDA:0,(anonymous_10)
FNDA:1,(anonymous_11)
DA:6,1
DA:7,1
DA:8,1
DA:11,1
DA:14,1
DA:15,1
DA:16,1
DA:18,1
DA:22,1
DA:32,0
DA:35,0
DA:37,0
DA:40,0
DA:42,0
DA:43,0
DA:45,0
DA:47,0
DA:51,0
DA:52,0
DA:54,0
DA:62,0
DA:63,0
DA:64,0
DA:65,0
DA:66,0
DA:67,0
DA:70,0
DA:72,0
DA:75,0
DA:77,0
DA:78,0
DA:81,0
DA:86,0
DA:91,0
DA:108,1
LF:35
LH:10
BRDA:35,1,0,0
BRDA:35,1,1,0
BRDA:35,2,0,0
BRDA:35,2,1,0
BRDA:35,2,2,0
BRDA:45,3,0,0
BRDA:45,3,1,0
BRDA:54,4,0,0
BRDA:54,4,1,0
BRDA:54,4,2,0
BRDA:65,5,0,0
BRDA:65,5,1,0
BRDA:65,6,0,0
BRDA:65,6,1,0
BRF:14
BRH:0
end_of_record
TN:
SF:/Users/piotrp/code/github/piotrpMSFT/omnisharp-vscode/out/src/features/codeActionProvider.ts
FN:24,(anonymous_0)
FN:36,(anonymous_1)
FN:40,(anonymous_2)
FN:52,(anonymous_3)
FN:87,(anonymous_4)
FN:88,(anonymous_5)
FN:105,(anonymous_6)
FN:110,(anonymous_7)
FN:112,(anonymous_8)
FN:144,(anonymous_9)
FN:167,(anonymous_10)
FN:169,(anonymous_11)
FN:176,(anonymous_12)
FN:182,(anonymous_13)
FNF:14
FNH:11
FNDA:1,(anonymous_0)
FNDA:3,(anonymous_1)
FNDA:7,(anonymous_2)
FNDA:8,(anonymous_3)
FNDA:6,(anonymous_4)
FNDA:7,(anonymous_5)
FNDA:0,(anonymous_6)
FNDA:1,(anonymous_7)
FNDA:1,(anonymous_8)
FNDA:0,(anonymous_9)
FNDA:1,(anonymous_10)
FNDA:1,(anonymous_11)
FNDA:1,(anonymous_12)
FNDA:0,(anonymous_13)
DA:8,1
DA:10,1
DA:12,1
DA:13,1
DA:14,1
DA:16,1
DA:17,1
DA:19,1
DA:25,1
DA:27,1
DA:29,1
DA:31,1
DA:32,1
DA:33,1
DA:37,3
DA:41,7
DA:42,0
DA:52,8
DA:53,7
DA:54,3
DA:56,3
DA:58,3
DA:59,3
DA:63,0
DA:64,0
DA:66,0
DA:74,4
DA:80,7
DA:87,7
DA:88,6
DA:89,7
DA:99,7
DA:106,0
DA:112,1
DA:114,1
DA:116,1
DA:118,1
DA:119,1
DA:121,1
DA:122,2
DA:127,1
DA:131,1
DA:132,2
DA:138,1
DA:141,2
DA:143,0
DA:144,0
DA:148,0
DA:151,0
DA:152,0
DA:153,0
DA:156,0
DA:160,1
DA:166,1
DA:167,1
DA:169,1
DA:171,1
DA:175,1
DA:178,1
DA:183,0
LF:60
LH:47
BRDA:41,1,0,0
BRDA:41,1,1,7
BRDA:53,2,0,3
BRDA:53,2,1,4
BRDA:54,3,0,3
BRDA:54,3,1,0
BRDA:114,4,0,1
BRDA:114,4,1,0
BRDA:114,5,0,1
BRDA:114,5,1,1
BRDA:122,6,0,1
BRDA:122,6,1,1
BRDA:132,7,0,1
BRDA:132,7,1,1
BRDA:141,8,0,0
BRDA:141,8,1,2
BRDA:144,9,0,0
BRDA:144,9,1,0
BRDA:167,10,0,1
BRDA:167,10,1,0
BRDA:176,11,0,1
BRDA:176,11,1,0
BRF:22
BRH:14
end_of_record
TN:
SF:/Users/piotrp/code/github/piotrpMSFT/omnisharp-vscode/out/src/omnisharp/options.ts
FN:21,(anonymous_0)
FN:23,(anonymous_1)
FNF:2
FNH:2
FNDA:10,(anonymous_0)
FNDA:10,(anonymous_1)
DA:6,1
DA:8,1
DA:10,10
DA:11,10
DA:12,10
DA:13,10
DA:14,10
DA:15,10
DA:16,10
DA:17,10
DA:18,10
DA:19,10
DA:20,10
DA:21,10
DA:30,10
DA:31,10
DA:33,10
DA:37,10
DA:41,10
DA:44,10
DA:45,10
DA:46,0
DA:49,10
DA:51,10
DA:52,10
DA:53,10
DA:55,10
DA:57,10
DA:58,10
DA:60,10
DA:62,10
LF:31
LH:30
BRDA:34,1,0,0
BRDA:34,1,1,10
BRDA:38,2,0,0
BRDA:38,2,1,10
BRDA:45,3,0,0
BRDA:45,3,1,10
BRF:6
BRH:3
end_of_record
TN:
SF:/Users/piotrp/code/github/piotrpMSFT/omnisharp-vscode/out/src/features/codeLensProvider.ts
FN:24,(anonymous_6)
FN:34,(anonymous_7)
FN:43,(anonymous_8)
FN:54,(anonymous_9)
FN:70,(anonymous_11)
FN:90,(anonymous_13)
FN:101,(anonymous_14)
FN:118,(anonymous_15)
FN:143,(anonymous_17)
FN:145,(anonymous_18)
FN:173,(anonymous_19)
FN:174,(anonymous_20)
FNF:12
FNH:11
FNDA:7,(anonymous_6)
FNDA:1,(anonymous_7)
FNDA:3,(anonymous_8)
FNDA:3,(anonymous_9)
FNDA:7,(anonymous_11)
FNDA:2,(anonymous_13)
FNDA:2,(anonymous_14)
FNDA:7,(anonymous_15)
FNDA:2,(anonymous_17)
FNDA:2,(anonymous_18)
FNDA:11,(anonymous_19)
FNDA:0,(anonymous_20)
DA:9,1
DA:10,1
DA:12,1
DA:14,1
DA:16,1
DA:25,7
DA:26,7
DA:30,1
DA:35,1
DA:37,1
DA:39,1
DA:40,1
DA:44,3
DA:47,1
DA:55,3
DA:56,0
DA:59,3
DA:60,3
DA:62,3
DA:63,3
DA:66,3
DA:72,7
DA:73,0
DA:76,7
DA:77,7
DA:78,7
DA:81,7
DA:82,4
DA:85,7
DA:86,7
DA:91,2
DA:93,2
DA:101,2
DA:102,2
DA:103,0
DA:106,2
DA:107,2
DA:113,2
DA:120,7
DA:121,0
DA:124,7
DA:125,2
DA:126,2
DA:127,2
DA:131,7
DA:132,7
DA:133,0
DA:137,0
DA:145,2
DA:146,0
DA:149,2
DA:150,2
DA:151,2
DA:152,4
DA:153,4
DA:155,0
DA:156,0
DA:159,0
DA:163,2
DA:164,0
DA:167,0
DA:174,11
DA:175,11
DA:176,0
DA:177,0
DA:178,0
DA:180,0
DA:181,0
DA:184,0
DA:187,11
LF:70
LH:52
BRDA:55,1,0,0
BRDA:55,1,1,3
BRDA:55,2,0,3
BRDA:55,2,1,0
BRDA:72,3,0,0
BRDA:72,3,1,7
BRDA:72,4,0,7
BRDA:72,4,1,4
BRDA:77,5,0,7
BRDA:77,5,1,0
BRDA:85,6,0,7
BRDA:85,6,1,0
BRDA:91,7,0,2
BRDA:91,7,1,0
BRDA:102,8,0,0
BRDA:102,8,1,2
BRDA:102,9,0,2
BRDA:102,9,1,2
BRDA:108,10,0,0
BRDA:108,10,1,2
BRDA:120,11,0,0
BRDA:120,11,1,7
BRDA:124,12,0,2
BRDA:124,12,1,5
BRDA:124,13,0,7
BRDA:124,13,1,3
BRDA:126,14,0,2
BRDA:126,14,1,0
BRDA:126,15,0,2
BRDA:126,15,1,2
BRDA:132,16,0,0
BRDA:132,16,1,7
BRDA:145,17,0,0
BRDA:145,17,1,2
BRDA:153,18,0,0
BRDA:153,18,1,4
BRDA:155,19,0,0
BRDA:155,19,1,0
BRDA:163,20,0,0
BRDA:163,20,1,2
BRDA:174,21,0,0
BRDA:174,21,1,0
BRDA:174,21,2,0
BRDA:175,22,0,0
BRDA:175,22,1,11
BRDA:177,23,0,0
BRDA:177,23,1,0
BRDA:180,24,0,0
BRDA:180,24,1,0
BRF:49
BRH:25
end_of_record
TN:
SF:/Users/piotrp/code/github/piotrpMSFT/omnisharp-vscode/out/src/features/completionItemProvider.ts
FN:28,(anonymous_0)
FN:46,(anonymous_1)
FNF:2
FNH:0
FNDA:0,(anonymous_0)
FNDA:0,(anonymous_1)
DA:8,1
DA:9,1
DA:11,1
DA:12,1
DA:13,1
DA:15,1
DA:18,1
DA:23,1
DA:30,0
DA:31,0
DA:32,0
DA:33,0
DA:36,0
DA:37,0
DA:38,0
DA:39,0
DA:40,0
DA:41,0
DA:43,0
DA:46,0
DA:48,0
DA:49,0
DA:52,0
DA:53,0
DA:57,0
DA:58,0
DA:60,0
DA:64,0
DA:65,0
DA:66,0
DA:68,0
DA:72,0
DA:73,0
DA:74,0
DA:77,0
DA:82,0
DA:84,0
DA:85,0
DA:87,0
DA:89,0
DA:94,0
DA:97,0
DA:102,0
DA:107,1
DA:110,1
DA:111,1
DA:112,1
DA:113,1
DA:114,1
DA:117,1
DA:118,1
DA:119,1
DA:122,1
DA:123,1
DA:124,1
DA:125,1
DA:126,1
DA:127,1
DA:130,1
DA:131,1
DA:132,1
LF:61
LH:26
BRDA:32,1,0,0
BRDA:32,1,1,0
BRDA:41,2,0,0
BRDA:41,2,1,0
BRDA:48,3,0,0
BRDA:48,3,1,0
BRDA:61,4,0,0
BRDA:61,4,1,0
BRDA:65,5,0,0
BRDA:65,5,1,0
BRDA:69,6,0,0
BRDA:69,6,1,0
BRDA:73,7,0,0
BRDA:73,7,1,0
BRDA:87,8,0,0
BRDA:87,8,1,0
BRDA:102,9,0,0
BRDA:102,9,1,0
BRF:18
BRH:0
end_of_record
TN:
SF:/Users/piotrp/code/github/piotrpMSFT/omnisharp-vscode/out/src/features/documentation.ts
FN:12,extractSummaryText
FN:34,GetDocumentationString
FN:81,displayDocumentationObject
FNF:3
FNH:2
FNDA:0,extractSummaryText
FNDA:1,GetDocumentationString
FNDA:2,displayDocumentationObject
DA:9,1
DA:10,1
DA:12,1
DA:13,0
DA:14,0
DA:17,0
DA:19,0
DA:20,0
DA:21,0
DA:24,0
DA:26,0
DA:27,0
DA:28,0
DA:31,0
DA:34,1
DA:35,1
DA:36,1
DA:37,1
DA:39,1
DA:40,1
DA:41,1
DA:44,1
DA:45,0
DA:46,0
DA:49,1
DA:50,1
DA:51,1
DA:54,1
DA:55,1
DA:58,1
DA:59,0
DA:62,1
DA:63,0
DA:66,1
DA:67,0
DA:70,1
DA:71,0
DA:72,0
DA:75,1
DA:78,1
DA:81,1
DA:82,2
LF:42
LH:24
BRDA:13,1,0,0
BRDA:13,1,1,0
BRDA:20,2,0,0
BRDA:20,2,1,0
BRDA:27,3,0,0
BRDA:27,3,1,0
BRDA:39,4,0,1
BRDA:39,4,1,0
BRDA:40,5,0,1
BRDA:40,5,1,0
BRDA:44,6,0,0
BRDA:44,6,1,1
BRDA:44,7,0,1
BRDA:44,7,1,1
BRDA:49,8,0,1
BRDA:49,8,1,0
BRDA:49,9,0,1
BRDA:49,9,1,1
BRDA:54,10,0,1
BRDA:54,10,1,0
BRDA:58,11,0,0
BRDA:58,11,1,1
BRDA:62,12,0,0
BRDA:62,12,1,1
BRDA:66,13,0,0
BRDA:66,13,1,1
BRDA:70,14,0,0
BRDA:70,14,1,1
BRDA:70,15,0,1
BRDA:70,15,1,1
BRF:30
BRH:15
end_of_record
TN:
SF:/Users/piotrp/code/github/piotrpMSFT/omnisharp-vscode/out/src/features/definitionMetadataDocumentProvider.ts
FN:16,(anonymous_0)
FN:21,(anonymous_1)
FN:25,(anonymous_2)
FN:31,(anonymous_3)
FN:38,(anonymous_4)
FN:42,(anonymous_5)
FN:46,(anonymous_6)
FN:50,(anonymous_7)
FNF:8
FNH:3
FNDA:1,(anonymous_0)
FNDA:7,(anonymous_1)
FNDA:0,(anonymous_2)
FNDA:0,(anonymous_3)
FNDA:0,(anonymous_4)
FNDA:1,(anonymous_5)
FNDA:0,(anonymous_6)
FNDA:0,(anonymous_7)
DA:6,1
DA:10,1
DA:11,1
DA:17,1
DA:18,1
DA:22,7
DA:26,0
DA:27,0
DA:28,0
DA:32,0
DA:33,0
DA:35,0
DA:39,0
DA:43,1
DA:47,0
DA:51,0
LF:16
LH:7
BRF:0
BRH:0
end_of_record
TN:
SF:/Users/piotrp/code/github/piotrpMSFT/omnisharp-vscode/out/src/features/definitionProvider.ts
FN:19,(anonymous_0)
FN:25,(anonymous_1)
FN:30,(anonymous_2)
FN:56,(anonymous_3)
FNF:4
FNH:1
FNDA:1,(anonymous_0)
FNDA:0,(anonymous_1)
FNDA:0,(anonymous_2)
FNDA:0,(anonymous_3)
DA:8,1
DA:10,1
DA:11,1
DA:12,1
DA:16,1
DA:20,1
DA:22,1
DA:27,0
DA:28,0
DA:30,0
DA:33,0
DA:36,0
DA:37,0
DA:38,0
DA:42,0
DA:45,0
DA:46,0
DA:49,0
DA:57,0
DA:58,0
DA:61,0
DA:62,0
LF:22
LH:7
BRDA:33,1,0,0
BRDA:33,1,1,0
BRDA:33,2,0,0
BRDA:33,2,1,0
BRDA:36,3,0,0
BRDA:36,3,1,0
BRDA:45,4,0,0
BRDA:45,4,1,0
BRDA:57,5,0,0
BRDA:57,5,1,0
BRDA:57,6,0,0
BRDA:57,6,1,0
BRDA:57,6,2,0
BRF:13
BRH:0
end_of_record
TN:
SF:/Users/piotrp/code/github/piotrpMSFT/omnisharp-vscode/out/src/features/documentHighlightProvider.ts
FN:16,(anonymous_0)
FN:22,(anonymous_1)
FN:29,(anonymous_2)
FNF:3
FNH:0
FNDA:0,(anonymous_0)
FNDA:0,(anonymous_1)
FNDA:0,(anonymous_2)
DA:8,1
DA:10,1
DA:11,1
DA:12,1
DA:14,1
DA:18,0
DA:19,0
DA:20,0
DA:22,0
DA:23,0
DA:24,0
DA:30,0
LF:12
LH:5
BRDA:23,1,0,0
BRDA:23,1,1,0
BRDA:23,2,0,0
BRDA:23,2,1,0
BRF:4
BRH:0
end_of_record
TN:
SF:/Users/piotrp/code/github/piotrpMSFT/omnisharp-vscode/out/src/features/documentSymbolProvider.ts
FN:15,(anonymous_0)
FN:17,(anonymous_1)
FNF:2
FNH:0
FNDA:0,(anonymous_0)
FNDA:0,(anonymous_1)
DA:8,1
DA:9,1
DA:10,1
DA:13,1
DA:17,0
DA:18,0
DA:19,0
DA:20,0
DA:22,0
LF:9
LH:4
BRF:0
BRH:0
end_of_record
TN:
SF:/Users/piotrp/code/github/piotrpMSFT/omnisharp-vscode/out/src/features/formattingEditProvider.ts
FN:15,(anonymous_0)
FN:25,(anonymous_1)
FN:32,(anonymous_2)
FN:41,(anonymous_3)
FN:48,(anonymous_4)
FNF:5
FNH:0
FNDA:0,(anonymous_0)
FNDA:0,(anonymous_1)
FNDA:0,(anonymous_2)
FNDA:0,(anonymous_3)
FNDA:0,(anonymous_4)
DA:8,1
DA:10,1
DA:11,1
DA:13,1
DA:17,0
DA:25,0
DA:26,0
DA:27,0
DA:34,0
DA:41,0
DA:42,0
DA:43,0
DA:49,0
LF:13
LH:4
BRDA:26,1,0,0
BRDA:26,1,1,0
BRDA:26,2,0,0
BRDA:26,2,1,0
BRDA:42,3,0,0
BRDA:42,3,1,0
BRDA:42,4,0,0
BRDA:42,4,1,0
BRF:8
BRH:0
end_of_record
TN:
SF:/Users/piotrp/code/github/piotrpMSFT/omnisharp-vscode/out/src/features/hoverProvider.ts
FN:17,(anonymous_0)
FN:22,(anonymous_1)
FNF:2
FNH:2
FNDA:1,(anonymous_0)
FNDA:1,(anonymous_1)
DA:8,1
DA:10,1
DA:11,1
DA:12,1
DA:13,1
DA:15,1
DA:19,1
DA:20,1
DA:22,1
DA:23,1
DA:24,1
DA:25,1
DA:26,1
LF:13
LH:13
BRDA:23,1,0,1
BRDA:23,1,1,0
BRDA:23,2,0,1
BRDA:23,2,1,1
BRF:4
BRH:3
end_of_record
TN:
SF:/Users/piotrp/code/github/piotrpMSFT/omnisharp-vscode/out/src/features/implementationProvider.ts
FN:15,(anonymous_0)
FN:18,(anonymous_1)
FN:23,(anonymous_2)
FNF:3
FNH:0
FNDA:0,(anonymous_0)
FNDA:0,(anonymous_1)
FNDA:0,(anonymous_2)
DA:8,1
DA:10,1
DA:11,1
DA:14,1
DA:16,0
DA:18,0
DA:19,0
DA:20,0
DA:23,0
LF:9
LH:4
BRDA:19,1,0,0
BRDA:19,1,1,0
BRDA:19,2,0,0
BRDA:19,2,1,0
BRF:4
BRH:0
end_of_record
TN:
SF:/Users/piotrp/code/github/piotrpMSFT/omnisharp-vscode/out/src/omnisharp/server.ts
FN:25,(anonymous_6)
FN:31,(anonymous_7)
FN:94,(anonymous_8)
FN:98,(anonymous_9)
FN:102,(anonymous_10)
FN:104,(anonymous_11)
FN:110,(anonymous_12)
FN:114,(anonymous_13)
FN:116,(anonymous_15)
FN:121,(anonymous_16)
FN:125,(anonymous_17)
FN:132,(anonymous_18)
FN:142,(anonymous_19)
FN:157,(anonymous_20)
FN:163,(anonymous_21)
FN:169,(anonymous_22)
FN:173,(anonymous_23)
FN:177,(anonymous_24)
FN:181,(anonymous_25)
FN:185,(anonymous_26)
FN:189,(anonymous_27)
FN:193,(anonymous_28)
FN:197,(anonymous_29)
FN:201,(anonymous_30)
FN:205,(anonymous_31)
FN:209,(anonymous_32)
FN:213,(anonymous_33)
FN:217,(anonymous_34)
FN:221,(anonymous_35)
FN:225,(anonymous_36)
FN:229,(anonymous_37)
FN:233,(anonymous_38)
FN:237,(anonymous_39)
FN:241,(anonymous_40)
FN:244,(anonymous_41)
FN:247,(anonymous_42)
FN:253,(anonymous_43)
FN:298,(anonymous_45)
FN:318,(anonymous_46)
FN:320,(anonymous_47)
FN:321,(anonymous_48)
FN:323,(anonymous_49)
FN:329,(anonymous_50)
FN:352,(anonymous_51)
FN:353,(anonymous_52)
FN:366,(anonymous_53)
FN:375,(anonymous_54)
FN:382,(anonymous_55)
FN:389,(anonymous_57)
FN:390,(anonymous_58)
FN:394,(anonymous_59)
FN:401,(anonymous_60)
FN:405,(anonymous_61)
FN:434,(anonymous_62)
FN:443,(anonymous_63)
FN:449,(anonymous_64)
FN:450,(anonymous_65)
FN:457,(anonymous_66)
FN:462,(anonymous_67)
FN:471,(anonymous_68)
FN:473,(anonymous_69)
FN:483,(anonymous_70)
FN:490,(anonymous_71)
FN:499,(anonymous_72)
FN:513,(anonymous_73)
FN:520,(anonymous_74)
FN:555,(anonymous_75)
FN:577,(anonymous_76)
FN:588,(anonymous_77)
FN:611,(anonymous_78)
FN:623,(anonymous_79)
FN:632,(anonymous_80)
FNF:72
FNH:56
FNDA:1,(anonymous_6)
FNDA:1,(anonymous_7)
FNDA:1,(anonymous_8)
FNDA:31,(anonymous_9)
FNDA:223,(anonymous_10)
FNDA:69,(anonymous_11)
FNDA:48,(anonymous_12)
FNDA:2,(anonymous_13)
FNDA:0,(anonymous_15)
FNDA:69,(anonymous_16)
FNDA:3,(anonymous_17)
FNDA:68,(anonymous_18)
FNDA:0,(anonymous_19)
FNDA:0,(anonymous_20)
FNDA:1,(anonymous_21)
FNDA:0,(anonymous_22)
FNDA:1,(anonymous_23)
FNDA:1,(anonymous_24)
FNDA:2,(anonymous_25)
FNDA:1,(anonymous_26)
FNDA:1,(anonymous_27)
FNDA:2,(anonymous_28)
FNDA:3,(anonymous_29)
FNDA:2,(anonymous_30)
FNDA:2,(anonymous_31)
FNDA:1,(anonymous_32)
FNDA:0,(anonymous_33)
FNDA:1,(anonymous_34)
FNDA:2,(anonymous_35)
FNDA:6,(anonymous_36)
FNDA:2,(anonymous_37)
FNDA:1,(anonymous_38)
FNDA:1,(anonymous_39)
FNDA:29,(anonymous_40)
FNDA:1,(anonymous_41)
FNDA:11,(anonymous_42)
FNDA:1,(anonymous_43)
FNDA:1,(anonymous_45)
FNDA:1,(anonymous_46)
FNDA:0,(anonymous_47)
FNDA:1,(anonymous_48)
FNDA:0,(anonymous_49)
FNDA:1,(anonymous_50)
FNDA:0,(anonymous_51)
FNDA:0,(anonymous_52)
FNDA:0,(anonymous_53)
FNDA:1,(anonymous_54)
FNDA:1,(anonymous_55)
FNDA:1,(anonymous_57)
FNDA:1,(anonymous_58)
FNDA:0,(anonymous_59)
FNDA:0,(anonymous_60)
FNDA:0,(anonymous_61)
FNDA:69,(anonymous_62)
FNDA:69,(anonymous_63)
FNDA:68,(anonymous_64)
FNDA:0,(anonymous_65)
FNDA:3,(anonymous_66)
FNDA:68,(anonymous_67)
FNDA:1,(anonymous_68)
FNDA:1,(anonymous_69)
FNDA:1,(anonymous_70)
FNDA:0,(anonymous_71)
FNDA:1,(anonymous_72)
FNDA:0,(anonymous_73)
FNDA:94,(anonymous_74)
FNDA:68,(anonymous_75)
FNDA:26,(anonymous_76)
FNDA:69,(anonymous_77)
FNDA:21,(anonymous_78)
FNDA:21,(anonymous_79)
FNDA:21,(anonymous_80)
DA:6,1
DA:7,1
DA:8,1
DA:9,1
DA:10,1
DA:11,1
DA:12,1
DA:13,1
DA:14,1
DA:16,1
DA:17,1
DA:19,1
DA:20,1
DA:21,1
DA:22,1
DA:23,1
DA:25,1
DA:26,1
DA:27,1
DA:28,1
DA:31,1
DA:32,1
DA:34,1
DA:35,1
DA:37,1
DA:38,1
DA:40,1
DA:41,1
DA:42,1
DA:44,1
DA:45,1
DA:46,1
DA:48,1
DA:50,1
DA:52,1
DA:53,1
DA:54,1
DA:55,1
DA:57,1
DA:59,1
DA:62,1
DA:63,1
DA:64,1
DA:65,1
DA:67,1
DA:69,1
DA:71,1
DA:74,1
DA:78,1
DA:80,1
DA:81,1
DA:95,1
DA:97,1
DA:98,31
DA:100,1
DA:104,69
DA:105,1
DA:106,1
DA:107,1
DA:111,48
DA:115,2
DA:116,0
DA:117,0
DA:122,69
DA:126,3
DA:127,2
DA:128,2
DA:133,68
DA:134,68
DA:135,10
DA:136,10
DA:139,68
DA:143,0
DA:145,0
DA:146,0
DA:147,0
DA:148,0
DA:149,0
DA:150,0
DA:152,0
DA:158,0
DA:164,1
DA:170,0
DA:174,1
DA:178,1
DA:182,2
DA:186,1
DA:190,1
DA:194,2
DA:198,3
DA:202,2
DA:206,2
DA:210,1
DA:214,0
DA:218,1
DA:222,2
DA:226,6
DA:230,2
DA:234,1
DA:238,1
DA:242,29
DA:243,29
DA:244,29
DA:248,11
DA:254,1
DA:255,1
DA:257,1
DA:258,1
DA:259,1
DA:261,1
DA:270,1
DA:271,0
DA:275,1
DA:276,1
DA:277,1
DA:278,1
DA:279,1
DA:280,1
DA:283,0
DA:284,0
DA:285,0
DA:286,0
DA:290,1
DA:291,1
DA:292,1
DA:293,1
DA:294,1
DA:296,1
DA:298,1
DA:299,1
DA:300,1
DA:303,0
DA:306,1
DA:307,1
DA:308,1
DA:309,1
DA:310,1
DA:312,1
DA:313,1
DA:314,1
DA:315,1
DA:317,1
DA:320,1
DA:322,1
DA:324,0
DA:325,0
DA:331,1
DA:332,0
DA:337,1
DA:339,0
DA:340,0
DA:341,0
DA:344,1
DA:346,1
DA:348,0
DA:352,0
DA:353,0
DA:354,0
DA:355,0
DA:359,0
DA:360,0
DA:365,0
DA:367,0
DA:368,0
DA:371,0
DA:375,1
DA:376,1
DA:377,1
DA:378,1
DA:383,1
DA:384,1
DA:385,1
DA:390,1
DA:393,1
DA:394,0
DA:396,0
DA:401,0
DA:402,0
DA:403,0
DA:407,0
DA:414,1
DA:416,0
DA:417,0
DA:419,0
DA:423,0
DA:424,0
DA:428,1
DA:436,69
DA:437,0
DA:443,69
DA:444,69
DA:446,69
DA:449,68
DA:450,0
DA:453,69
DA:456,69
DA:457,24
DA:458,3
DA:462,69
DA:463,68
DA:464,68
DA:465,68
DA:467,68
DA:473,1
DA:474,1
DA:477,1
DA:483,1
DA:487,1
DA:490,1
DA:491,0
DA:492,0
DA:495,0
DA:499,1
DA:500,1
DA:501,1
DA:504,1
DA:505,1
DA:509,1
DA:511,1
DA:513,1
DA:514,0
DA:517,1
DA:521,94
DA:523,94
DA:524,0
DA:525,0
DA:529,94
DA:530,94
DA:534,0
DA:537,94
DA:539,0
DA:542,94
DA:544,68
DA:545,68
DA:547,26
DA:548,26
DA:550,0
DA:551,0
DA:556,68
DA:558,68
DA:559,0
DA:560,0
DA:563,68
DA:564,0
DA:567,68
DA:568,68
DA:571,0
DA:574,68
DA:578,26
DA:579,21
DA:580,21
DA:584,5
DA:589,69
DA:591,69
DA:598,69
DA:599,0
DA:600,0
DA:601,0
DA:603,0
DA:606,69
DA:608,69
DA:612,21
DA:613,0
DA:614,0
DA:615,21
DA:616,0
DA:617,0
DA:618,0
DA:619,0
DA:625,21
DA:627,21
DA:633,21
DA:634,21
DA:636,21
DA:637,21
DA:639,21
LF:276
LH:203
BRDA:25,1,0,1
BRDA:25,1,1,1
BRDA:31,2,0,1
BRDA:31,2,1,1
BRDA:101,3,0,0
BRDA:101,3,1,1
BRDA:126,4,0,2
BRDA:126,4,1,1
BRDA:126,5,0,3
BRDA:126,5,1,3
BRDA:134,6,0,10
BRDA:134,6,1,58
BRDA:148,7,0,0
BRDA:148,7,1,0
BRDA:159,8,0,0
BRDA:159,8,1,0
BRDA:242,9,0,7
BRDA:242,9,1,22
BRDA:270,10,0,0
BRDA:270,10,1,1
BRDA:275,11,0,1
BRDA:275,11,1,0
BRDA:299,12,0,1
BRDA:299,12,1,0
BRDA:337,13,0,0
BRDA:337,13,1,1
BRDA:344,14,0,1
BRDA:344,14,1,0
BRDA:348,15,0,0
BRDA:348,15,1,0
BRDA:354,16,0,0
BRDA:354,16,1,0
BRDA:382,17,0,0
BRDA:383,18,0,1
BRDA:383,18,1,0
BRDA:393,19,0,0
BRDA:393,19,1,1
BRDA:414,20,0,0
BRDA:414,20,1,1
BRDA:414,21,0,1
BRDA:414,21,1,0
BRDA:417,22,0,0
BRDA:417,22,1,0
BRDA:436,23,0,0
BRDA:436,23,1,69
BRDA:456,24,0,24
BRDA:456,24,1,45
BRDA:491,25,0,0
BRDA:491,25,1,0
BRDA:500,26,0,1
BRDA:500,26,1,0
BRDA:523,27,0,0
BRDA:523,27,1,94
BRDA:537,28,0,0
BRDA:537,28,1,94
BRDA:543,29,0,68
BRDA:543,29,1,26
BRDA:543,29,2,0
BRDA:558,30,0,0
BRDA:558,30,1,68
BRDA:563,31,0,0
BRDA:563,31,1,68
BRDA:567,32,0,68
BRDA:567,32,1,0
BRDA:571,33,0,0
BRDA:571,33,1,0
BRDA:578,34,0,21
BRDA:578,34,1,5
BRDA:598,35,0,0
BRDA:598,35,1,69
BRDA:600,36,0,0
BRDA:600,36,1,0
BRDA:613,37,0,0
BRDA:613,37,1,0
BRDA:613,37,2,21
BRDA:613,37,3,0
BRDA:613,37,4,0
BRDA:613,37,5,0
BRDA:613,37,6,0
BRDA:627,38,0,21
BRDA:627,38,1,21
BRDA:627,38,2,0
BRDA:633,39,0,21
BRDA:633,39,1,0
BRDA:633,40,0,21
BRDA:633,40,1,21
BRF:86
BRH:42
end_of_record
TN:
SF:/Users/piotrp/code/github/piotrpMSFT/omnisharp-vscode/out/src/omnisharp/launcher.ts
FN:16,(anonymous_0)
FN:41,findLaunchTargets
FN:55,resourcesToLaunchTargets
FN:91,(anonymous_3)
FN:104,(anonymous_4)
FN:180,(anonymous_5)
FN:183,isCSharpProject
FN:187,isSolution
FN:191,isProjectJson
FN:195,isCsx
FN:199,isCake
FN:209,launchOmniSharp
FN:210,(anonymous_12)
FN:212,(anonymous_13)
FN:214,(anonymous_14)
FN:219,(anonymous_15)
FN:223,(anonymous_16)
FN:227,launch
FN:228,(anonymous_18)
FN:264,(anonymous_19)
FN:267,(anonymous_20)
FN:274,getConfigurationValue
FN:283,launchWindows
FN:284,escapeIfNeeded
FN:312,launchNix
FN:325,launchNixMono
FN:327,(anonymous_26)
FN:345,canLaunchMono
FN:346,(anonymous_28)
FN:347,(anonymous_29)
FN:358,hasMono
FN:361,(anonymous_31)
FN:370,(anonymous_32)
FN:375,(anonymous_33)
FN:379,(anonymous_34)
FNF:35
FNH:18
FNDA:1,(anonymous_0)
FNDA:1,findLaunchTargets
FNDA:1,resourcesToLaunchTargets
FNDA:1,(anonymous_3)
FNDA:1,(anonymous_4)
FNDA:0,(anonymous_5)
FNDA:1,isCSharpProject
FNDA:1,isSolution
FNDA:1,isProjectJson
FNDA:1,isCsx
FNDA:1,isCake
FNDA:1,launchOmniSharp
FNDA:1,(anonymous_12)
FNDA:1,(anonymous_13)
FNDA:0,(anonymous_14)
FNDA:1,(anonymous_15)
FNDA:0,(anonymous_16)
FNDA:1,launch
FNDA:1,(anonymous_18)
FNDA:0,(anonymous_19)
FNDA:0,(anonymous_20)
FNDA:3,getConfigurationValue
FNDA:0,launchWindows
FNDA:0,escapeIfNeeded
FNDA:1,launchNix
FNDA:0,launchNixMono
FNDA:0,(anonymous_26)
FNDA:0,canLaunchMono
FNDA:0,(anonymous_28)
FNDA:0,(anonymous_29)
FNDA:0,hasMono
FNDA:0,(anonymous_31)
FNDA:0,(anonymous_32)
FNDA:0,(anonymous_33)
FNDA:0,(anonymous_34)
DA:8,1
DA:9,1
DA:10,1
DA:11,1
DA:12,1
DA:13,1
DA:14,1
DA:16,1
DA:17,1
DA:18,1
DA:19,1
DA:20,1
DA:21,1
DA:41,1
DA:42,1
DA:43,0
DA:46,1
DA:48,1
DA:67,1
DA:68,0
DA:71,1
DA:73,1
DA:74,1
DA:75,1
DA:78,1
DA:79,0
DA:81,1
DA:82,1
DA:85,1
DA:89,1
DA:91,1
DA:92,1
DA:93,1
DA:94,1
DA:95,1
DA:96,1
DA:97,1
DA:99,1
DA:101,1
DA:102,1
DA:104,1
DA:106,1
DA:107,0
DA:109,0
DA:119,1
DA:120,0
DA:121,0
DA:122,0
DA:124,0
DA:134,1
DA:135,0
DA:139,1
DA:140,0
DA:147,1
DA:148,1
DA:158,1
DA:159,0
DA:169,1
DA:170,0
DA:180,1
DA:184,1
DA:188,1
DA:192,1
DA:196,1
DA:200,1
DA:209,1
DA:210,1
DA:211,1
DA:214,1
DA:215,0
DA:219,1
DA:220,1
DA:223,0
DA:228,1
DA:229,1
DA:231,1
DA:232,1
DA:233,1
DA:235,1
DA:236,1
DA:237,1
DA:241,1
DA:242,1
DA:243,0
DA:249,1
DA:255,0
DA:257,0
DA:258,0
DA:263,0
DA:265,0
DA:268,0
DA:276,3
DA:277,0
DA:280,3
DA:285,0
DA:286,0
DA:291,0
DA:292,0
DA:293,0
DA:299,0
DA:305,0
DA:313,1
DA:318,1
DA:326,0
DA:328,0
DA:329,0
DA:330,0
DA:332,0
DA:337,0
DA:346,0
DA:347,0
DA:348,0
DA:349,0
DA:352,0
DA:358,1
DA:359,0
DA:361,0
DA:363,0
DA:364,0
DA:367,0
DA:370,0
DA:371,0
DA:374,0
DA:375,0
DA:376,0
DA:379,0
DA:380,0
DA:383,0
DA:384,0
DA:386,0
DA:387,0
DA:390,0
DA:393,0
LF:133
LH:74
BRDA:16,1,0,1
BRDA:16,1,1,1
BRDA:42,2,0,0
BRDA:42,2,1,1
BRDA:67,3,0,0
BRDA:67,3,1,1
BRDA:75,4,0,1
BRDA:75,4,1,0
BRDA:78,5,0,0
BRDA:78,5,1,1
BRDA:106,6,0,0
BRDA:106,6,1,1
BRDA:106,7,0,1
BRDA:106,7,1,1
BRDA:119,8,0,0
BRDA:119,8,1,1
BRDA:122,9,0,0
BRDA:122,9,1,0
BRDA:134,10,0,0
BRDA:134,10,1,1
BRDA:134,11,0,1
BRDA:134,11,1,1
BRDA:139,12,0,0
BRDA:139,12,1,1
BRDA:139,13,0,1
BRDA:139,13,1,1
BRDA:147,14,0,1
BRDA:147,14,1,0
BRDA:147,15,0,1
BRDA:147,15,1,1
BRDA:147,15,2,0
BRDA:147,15,3,0
BRDA:158,16,0,0
BRDA:158,16,1,1
BRDA:169,17,0,0
BRDA:169,17,1,1
BRDA:231,18,0,1
BRDA:231,18,1,0
BRDA:241,19,0,1
BRDA:241,19,1,0
BRDA:242,20,0,0
BRDA:242,20,1,1
BRDA:250,21,0,0
BRDA:250,21,1,1
BRDA:257,22,0,0
BRDA:257,22,1,0
BRDA:276,23,0,0
BRDA:276,23,1,3
BRDA:287,24,0,0
BRDA:287,24,1,0
BRDA:348,25,0,0
BRDA:348,25,1,0
BRDA:383,26,0,0
BRDA:383,26,1,0
BRDA:386,27,0,0
BRDA:386,27,1,0
BRF:56
BRH:26
end_of_record
TN:
SF:/Users/piotrp/code/github/piotrpMSFT/omnisharp-vscode/out/src/platform.ts
FN:23,(anonymous_0)
FN:25,(anonymous_1)
FN:29,(anonymous_2)
FN:30,(anonymous_3)
FN:33,(anonymous_4)
FN:42,(anonymous_5)
FN:65,(anonymous_6)
FN:66,(anonymous_7)
FN:67,(anonymous_8)
FN:78,(anonymous_9)
FN:121,(anonymous_10)
FN:125,(anonymous_11)
FN:129,(anonymous_12)
FN:133,(anonymous_13)
FN:137,(anonymous_14)
FN:159,(anonymous_15)
FN:185,(anonymous_16)
FN:190,(anonymous_17)
FN:191,(anonymous_18)
FN:201,(anonymous_19)
FN:203,(anonymous_20)
FNF:21
FNH:7
FNDA:0,(anonymous_0)
FNDA:0,(anonymous_1)
FNDA:0,(anonymous_2)
FNDA:0,(anonymous_3)
FNDA:0,(anonymous_4)
FNDA:0,(anonymous_5)
FNDA:0,(anonymous_6)
FNDA:0,(anonymous_7)
FNDA:0,(anonymous_8)
FNDA:0,(anonymous_9)
FNDA:2,(anonymous_10)
FNDA:2,(anonymous_11)
FNDA:0,(anonymous_12)
FNDA:0,(anonymous_13)
FNDA:1,(anonymous_14)
FNDA:2,(anonymous_15)
FNDA:2,(anonymous_16)
FNDA:0,(anonymous_17)
FNDA:0,(anonymous_18)
FNDA:2,(anonymous_19)
FNDA:2,(anonymous_20)
DA:6,1
DA:7,1
DA:8,1
DA:9,1
DA:11,1
DA:19,1
DA:21,0
DA:22,0
DA:23,0
DA:28,0
DA:29,0
DA:30,0
DA:34,0
DA:43,0
DA:49,0
DA:50,0
DA:56,0
DA:57,0
DA:59,0
DA:61,0
DA:66,0
DA:67,0
DA:68,0
DA:69,0
DA:72,0
DA:79,0
DA:80,0
DA:81,0
DA:83,0
DA:84,0
DA:85,0
DA:87,0
DA:88,0
DA:89,0
DA:90,0
DA:93,0
DA:94,0
DA:97,0
DA:98,0
DA:100,0
DA:101,0
DA:103,0
DA:104,0
DA:107,0
DA:108,0
DA:113,0
DA:117,1
DA:119,2
DA:120,2
DA:121,2
DA:126,2
DA:130,0
DA:134,0
DA:138,1
DA:140,1
DA:141,1
DA:142,1
DA:145,1
DA:148,1
DA:149,0
DA:150,0
DA:153,0
DA:156,1
DA:160,2
DA:164,2
DA:166,0
DA:167,0
DA:168,0
DA:171,2
DA:172,2
DA:173,2
DA:176,0
DA:177,0
DA:178,0
DA:181,0
DA:184,2
DA:186,2
DA:191,0
DA:192,0
DA:193,0
DA:196,0
DA:202,2
DA:204,2
DA:205,2
DA:208,0
LF:85
LH:28
BRDA:49,1,0,0
BRDA:49,1,1,0
BRDA:49,2,0,0
BRDA:49,2,1,0
BRDA:68,3,0,0
BRDA:68,3,1,0
BRDA:78,4,0,0
BRDA:88,5,0,0
BRDA:88,5,1,0
BRDA:93,6,0,0
BRDA:93,6,1,0
BRDA:93,7,0,0
BRDA:93,7,1,0
BRDA:93,7,2,0
BRDA:97,8,0,0
BRDA:97,8,1,0
BRDA:100,9,0,0
BRDA:100,9,1,0
BRDA:103,10,0,0
BRDA:103,10,1,0
BRDA:107,11,0,0
BRDA:107,11,1,0
BRDA:107,12,0,0
BRDA:107,12,1,0
BRDA:107,12,2,0
BRDA:121,13,0,0
BRDA:140,14,0,1
BRDA:140,14,1,0
BRDA:141,15,0,1
BRDA:141,15,1,0
BRDA:148,16,0,0
BRDA:148,16,1,1
BRDA:149,17,0,0
BRDA:149,17,1,0
BRDA:165,18,0,0
BRDA:165,18,1,2
BRDA:165,18,2,0
BRDA:165,18,3,0
BRDA:192,19,0,0
BRDA:192,19,1,0
BRDA:192,20,0,0
BRDA:192,20,1,0
BRDA:204,21,0,2
BRDA:204,21,1,0
BRF:44
BRH:5
end_of_record
TN:
SF:/Users/piotrp/code/github/piotrpMSFT/omnisharp-vscode/out/src/logger.ts
FN:8,SubscribeToAllLoggers
FN:20,(anonymous_1)
FN:25,(anonymous_2)
FN:42,(anonymous_3)
FN:46,(anonymous_4)
FN:52,(anonymous_5)
FN:57,(anonymous_6)
FN:63,(anonymous_7)
FNF:8
FNH:7
FNDA:0,SubscribeToAllLoggers
FNDA:4,(anonymous_1)
FNDA:266,(anonymous_2)
FNDA:88,(anonymous_3)
FNDA:88,(anonymous_4)
FNDA:4,(anonymous_5)
FNDA:262,(anonymous_6)
FNDA:269,(anonymous_7)
DA:8,1
DA:9,0
DA:12,1
DA:16,4
DA:17,4
DA:18,4
DA:21,4
DA:22,4
DA:26,266
DA:27,259
DA:28,3
DA:29,3
DA:32,259
DA:33,0
DA:36,259
DA:39,266
DA:43,88
DA:47,88
DA:48,88
DA:53,4
DA:54,4
DA:58,262
DA:59,262
DA:60,262
DA:64,269
DA:66,269
DA:67,0
LF:27
LH:24
BRDA:26,1,0,259
BRDA:26,1,1,7
BRDA:27,2,0,3
BRDA:27,2,1,256
BRDA:32,3,0,0
BRDA:32,3,1,259
BRDA:47,4,0,88
BRDA:47,4,1,0
BRDA:53,5,0,4
BRDA:53,5,1,0
BRDA:58,6,0,262
BRDA:58,6,1,8
BRDA:66,7,0,0
BRDA:66,7,1,269
BRF:14
BRH:10
end_of_record
TN:
SF:/Users/piotrp/code/github/piotrpMSFT/omnisharp-vscode/out/src/omnisharp/delayTracker.ts
FN:26,(anonymous_0)
FN:30,(anonymous_1)
FN:54,(anonymous_2)
FN:58,(anonymous_3)
FN:68,(anonymous_4)
FN:78,(anonymous_5)
FNF:6
FNH:2
FNDA:10,(anonymous_0)
FNDA:68,(anonymous_1)
FNDA:0,(anonymous_2)
FNDA:0,(anonymous_3)
FNDA:0,(anonymous_4)
FNDA:0,(anonymous_5)
DA:8,1
DA:9,1
DA:10,1
DA:11,1
DA:12,1
DA:13,1
DA:15,1
DA:18,10
DA:19,10
DA:20,10
DA:21,10
DA:22,10
DA:23,10
DA:24,10
DA:27,10
DA:31,68
DA:32,51
DA:34,17
DA:35,1
DA:37,16
DA:38,5
DA:40,11
DA:41,2
DA:43,9
DA:44,2
DA:46,7
DA:47,4
DA:50,3
DA:55,0
DA:59,0
DA:60,0
DA:61,0
DA:62,0
DA:63,0
DA:64,0
DA:65,0
DA:69,0
DA:79,0
LF:38
LH:28
BRDA:31,1,0,51
BRDA:31,1,1,17
BRDA:34,2,0,1
BRDA:34,2,1,16
BRDA:37,3,0,5
BRDA:37,3,1,11
BRDA:40,4,0,2
BRDA:40,4,1,9
BRDA:43,5,0,2
BRDA:43,5,1,7
BRDA:46,6,0,4
BRDA:46,6,1,3
BRDA:69,7,0,0
BRDA:69,7,1,0
BRDA:69,7,2,0
BRDA:69,7,3,0
BRDA:69,7,4,0
BRDA:69,7,5,0
BRDA:69,7,6,0
BRF:19
BRH:12
end_of_record
TN:
SF:/Users/piotrp/code/github/piotrpMSFT/omnisharp-vscode/out/src/omnisharp/requestQueue.ts
FN:30,(anonymous_0)
FN:36,(anonymous_1)
FN:44,(anonymous_2)
FN:55,(anonymous_3)
FN:70,(anonymous_4)
FN:77,(anonymous_5)
FN:84,(anonymous_6)
FN:119,(anonymous_7)
FN:126,(anonymous_8)
FN:138,(anonymous_9)
FN:145,(anonymous_10)
FN:152,(anonymous_11)
FN:157,(anonymous_12)
FN:162,(anonymous_13)
FNF:14
FNH:14
FNDA:3,(anonymous_0)
FNDA:69,(anonymous_1)
FNDA:68,(anonymous_2)
FNDA:3,(anonymous_3)
FNDA:420,(anonymous_4)
FNDA:348,(anonymous_5)
FNDA:86,(anonymous_6)
FNDA:1,(anonymous_7)
FNDA:140,(anonymous_8)
FNDA:2,(anonymous_9)
FNDA:69,(anonymous_10)
FNDA:68,(anonymous_11)
FNDA:3,(anonymous_12)
FNDA:138,(anonymous_13)
DA:7,1
DA:23,3
DA:24,3
DA:27,3
DA:28,3
DA:29,3
DA:30,3
DA:37,69
DA:38,69
DA:45,68
DA:47,68
DA:48,68
DA:49,68
DA:52,68
DA:56,3
DA:57,3
DA:58,0
DA:61,0
DA:71,420
DA:78,348
DA:85,86
DA:86,0
DA:89,86
DA:90,86
DA:92,86
DA:94,86
DA:95,69
DA:96,69
DA:98,69
DA:99,69
DA:101,69
DA:102,14
DA:106,86
DA:110,1
DA:121,1
DA:122,1
DA:123,1
DA:127,140
DA:128,0
DA:130,140
DA:131,94
DA:134,46
DA:140,2
DA:146,69
DA:147,69
DA:149,69
DA:153,68
DA:154,68
DA:158,3
DA:159,3
DA:163,138
DA:164,0
DA:167,138
DA:168,0
DA:171,138
DA:172,0
DA:175,138
DA:177,138
DA:178,0
DA:179,0
DA:180,0
DA:183,138
DA:184,50
DA:187,138
DA:188,36
DA:191,138
LF:66
LH:56
BRDA:47,1,0,68
BRDA:47,1,1,0
BRDA:57,2,0,0
BRDA:57,2,1,3
BRDA:85,3,0,0
BRDA:85,3,1,86
BRDA:94,4,0,141
BRDA:94,4,1,124
BRDA:101,5,0,14
BRDA:101,5,1,55
BRDA:127,6,0,0
BRDA:127,6,1,140
BRDA:130,7,0,94
BRDA:130,7,1,46
BRDA:140,8,0,2
BRDA:140,8,1,2
BRDA:140,8,2,2
BRDA:163,9,0,0
BRDA:163,9,1,138
BRDA:167,10,0,0
BRDA:167,10,1,138
BRDA:171,11,0,0
BRDA:171,11,1,138
BRDA:171,12,0,138
BRDA:171,12,1,3
BRDA:177,13,0,0
BRDA:177,13,1,138
BRDA:183,14,0,50
BRDA:183,14,1,88
BRDA:187,15,0,36
BRDA:187,15,1,102
BRF:31
BRH:23
end_of_record
TN:
SF:/Users/piotrp/code/github/piotrpMSFT/omnisharp-vscode/out/src/omnisharp/prioritization.ts
FN:41,isPriorityCommand
FN:45,isNormalCommand
FN:49,isDeferredCommand
FNF:3
FNH:2
FNDA:140,isPriorityCommand
FNDA:140,isNormalCommand
FNDA:0,isDeferredCommand
DA:6,1
DA:8,1
DA:15,1
DA:27,1
DA:28,1
DA:29,1
DA:31,1
DA:33,1
DA:34,4
DA:37,1
DA:38,9
DA:41,1
DA:42,140
DA:45,1
DA:46,140
DA:49,1
DA:50,0
DA:51,0
DA:54,0
DA:55,0
DA:58,0
DA:59,0
LF:22
LH:16
BRDA:50,1,0,0
BRDA:50,1,1,0
BRDA:54,2,0,0
BRDA:54,2,1,0
BRF:4
BRH:0
end_of_record
TN:
SF:/Users/piotrp/code/github/piotrpMSFT/omnisharp-vscode/out/src/omnisharp/OmnisharpManager.ts
FN:20,(anonymous_6)
FN:23,(anonymous_7)
FN:42,(anonymous_9)
FN:47,(anonymous_11)
FN:58,GetLaunchPathForVersion
FNF:5
FNH:5
FNDA:1,(anonymous_6)
FNDA:1,(anonymous_7)
FNDA:1,(anonymous_9)
FNDA:1,(anonymous_11)
FNDA:1,GetLaunchPathForVersion
DA:6,1
DA:7,1
DA:8,1
DA:11,1
DA:15,1
DA:17,1
DA:18,1
DA:19,1
DA:20,1
DA:25,1
DA:26,1
DA:27,0
DA:28,0
DA:31,0
DA:34,1
DA:35,1
DA:39,0
DA:43,1
DA:44,1
DA:48,1
DA:49,1
DA:50,1
DA:53,0
DA:59,1
DA:60,0
DA:63,1
DA:65,1
DA:66,0
DA:68,1
DA:69,0
DA:72,1
LF:31
LH:23
BRDA:26,1,0,0
BRDA:26,1,1,1
BRDA:27,2,0,0
BRDA:27,2,1,0
BRDA:34,3,0,1
BRDA:34,3,1,0
BRDA:48,4,0,1
BRDA:48,4,1,0
BRDA:59,5,0,0
BRDA:59,5,1,1
BRDA:65,6,0,0
BRDA:65,6,1,1
BRDA:68,7,0,0
BRDA:68,7,1,1
BRF:14
BRH:6
end_of_record
TN:
SF:/Users/piotrp/code/github/piotrpMSFT/omnisharp-vscode/out/src/omnisharp/OmnisharpDownloader.ts
FN:26,(anonymous_6)
FN:36,(anonymous_7)
FN:77,(anonymous_9)
FNF:3
FNH:3
FNDA:1,(anonymous_6)
FNDA:1,(anonymous_7)
FNDA:1,(anonymous_9)
DA:7,1
DA:11,1
DA:12,1
DA:14,1
DA:22,1
DA:23,1
DA:24,1
DA:25,1
DA:26,1
DA:28,1
DA:29,1
DA:30,1
DA:31,1
DA:32,1
DA:33,1
DA:37,1
DA:38,1
DA:40,1
DA:42,1
DA:43,1
DA:46,1
DA:47,1
DA:48,1
DA:49,1
DA:50,1
DA:52,1
DA:53,1
DA:55,1
DA:57,1
DA:58,1
DA:60,1
DA:62,1
DA:63,1
DA:65,1
DA:68,0
DA:69,0
DA:72,1
DA:73,1
DA:78,1
DA:79,1
DA:80,1
DA:81,1
DA:83,1
DA:85,1
DA:88,0
DA:89,0
LF:46
LH:42
BRDA:42,1,0,1
BRDA:42,1,1,0
BRF:2
BRH:1
end_of_record
TN:
SF:/Users/piotrp/code/github/piotrpMSFT/omnisharp-vscode/out/src/packages.ts
FN:43,(anonymous_6)
FN:53,(anonymous_7)
FN:59,(anonymous_8)
FN:61,(anonymous_9)
FN:62,(anonymous_10)
FN:66,(anonymous_11)
FN:68,(anonymous_12)
FN:69,(anonymous_13)
FN:73,(anonymous_14)
FN:74,(anonymous_15)
FN:93,(anonymous_16)
FN:95,(anonymous_17)
FN:96,(anonymous_18)
FN:110,(anonymous_19)
FN:115,(anonymous_20)
FN:133,resolvePackageBinaries
FN:137,(anonymous_23)
FN:142,getBaseInstallPath
FN:151,getNoopStatus
FN:153,(anonymous_26)
FN:154,(anonymous_27)
FN:158,maybeDownloadPackage
FN:159,(anonymous_29)
FN:168,downloadPackage
FN:176,(anonymous_31)
FN:177,(anonymous_32)
FN:184,(anonymous_33)
FN:188,(anonymous_34)
FN:194,(anonymous_35)
FN:197,(anonymous_36)
FN:198,(anonymous_37)
FN:206,downloadFile
FN:216,(anonymous_39)
FN:221,(anonymous_40)
FN:242,(anonymous_41)
FN:260,(anonymous_42)
FN:264,(anonymous_43)
FN:272,(anonymous_44)
FN:281,installPackage
FN:295,(anonymous_46)
FN:296,(anonymous_47)
FN:301,(anonymous_48)
FN:313,(anonymous_49)
FN:320,(anonymous_50)
FN:325,(anonymous_51)
FN:335,(anonymous_52)
FN:340,(anonymous_53)
FN:351,(anonymous_54)
FN:357,(anonymous_55)
FN:361,(anonymous_56)
FN:365,(anonymous_57)
FN:371,doesPackageTestPathExist
FN:380,getPackageTestPath
FNF:53
FNH:32
FNDA:0,(anonymous_6)
FNDA:1,(anonymous_7)
FNDA:1,(anonymous_8)
FNDA:1,(anonymous_9)
FNDA:1,(anonymous_10)
FNDA:1,(anonymous_11)
FNDA:1,(anonymous_12)
FNDA:1,(anonymous_13)
FNDA:2,(anonymous_14)
FNDA:2,(anonymous_15)
FNDA:2,(anonymous_16)
FNDA:2,(anonymous_17)
FNDA:10,(anonymous_18)
FNDA:1,(anonymous_19)
FNDA:1,(anonymous_20)
FNDA:1,resolvePackageBinaries
FNDA:6,(anonymous_23)
FNDA:6,getBaseInstallPath
FNDA:0,getNoopStatus
FNDA:0,(anonymous_26)
FNDA:0,(anonymous_27)
FNDA:2,maybeDownloadPackage
FNDA:2,(anonymous_29)
FNDA:1,downloadPackage
FNDA:1,(anonymous_31)
FNDA:1,(anonymous_32)
FNDA:1,(anonymous_33)
FNDA:1,(anonymous_34)
FNDA:0,(anonymous_35)
FNDA:0,(anonymous_36)
FNDA:0,(anonymous_37)
FNDA:1,downloadFile
FNDA:1,(anonymous_39)
FNDA:1,(anonymous_40)
FNDA:1,(anonymous_41)
FNDA:1,(anonymous_42)
FNDA:0,(anonymous_43)
FNDA:0,(anonymous_44)
FNDA:1,installPackage
FNDA:0,(anonymous_46)
FNDA:0,(anonymous_47)
FNDA:0,(anonymous_48)
FNDA:0,(anonymous_49)
FNDA:0,(anonymous_50)
FNDA:0,(anonymous_51)
FNDA:0,(anonymous_52)
FNDA:0,(anonymous_53)
FNDA:0,(anonymous_54)
FNDA:0,(anonymous_55)
FNDA:0,(anonymous_56)
FNDA:0,(anonymous_57)
FNDA:2,doesPackageTestPathExist
FNDA:2,getPackageTestPath
DA:6,1
DA:7,1
DA:8,1
DA:9,1
DA:10,1
DA:11,1
DA:12,1
DA:13,1
DA:16,1
DA:39,1
DA:41,0
DA:42,0
DA:43,0
DA:44,0
DA:48,1
DA:52,1
DA:53,1
DA:56,1
DA:60,1
DA:62,1
DA:67,1
DA:69,1
DA:74,2
DA:75,2
DA:76,2
DA:78,0
DA:79,0
DA:83,0
DA:85,0
DA:88,0
DA:94,2
DA:96,2
DA:97,10
DA:98,4
DA:101,6
DA:102,4
DA:105,2
DA:111,1
DA:112,1
DA:116,1
DA:118,1
DA:119,1
DA:120,1
DA:122,1
DA:125,1
DA:128,0
DA:135,1
DA:136,5
DA:137,6
DA:143,6
DA:144,6
DA:145,6
DA:148,6
DA:152,0
DA:159,2
DA:160,2
DA:161,1
DA:163,1
DA:169,1
DA:171,1
DA:173,1
DA:174,1
DA:176,1
DA:177,1
DA:178,1
DA:179,0
DA:182,1
DA:185,1
DA:187,1
DA:188,1
DA:193,1
DA:194,0
DA:195,0
DA:196,0
DA:197,0
DA:198,0
DA:202,1
DA:207,1
DA:209,1
DA:216,1
DA:217,1
DA:218,0
DA:221,1
DA:222,1
DA:224,0
DA:227,1
DA:229,0
DA:230,0
DA:234,1
DA:235,1
DA:236,1
DA:237,1
DA:238,1
DA:240,1
DA:242,1
DA:243,1
DA:246,1
DA:247,1
DA:248,1
DA:249,1
DA:253,1
DA:254,1
DA:255,1
DA:256,1
DA:260,1
DA:261,1
DA:264,1
DA:265,0
DA:269,1
DA:272,1
DA:273,0
DA:277,1
DA:283,1
DA:285,1
DA:288,0
DA:290,0
DA:292,0
DA:293,0
DA:295,0
DA:296,0
DA:299,0
DA:300,0
DA:301,0
DA:302,0
DA:305,0
DA:309,0
DA:310,0
DA:313,0
DA:314,0
DA:315,0
DA:318,0
DA:320,0
DA:321,0
DA:323,0
DA:325,0
DA:326,0
DA:327,0
DA:330,0
DA:335,0
DA:336,0
DA:337,0
DA:340,0
DA:341,0
DA:342,0
DA:346,0
DA:350,0
DA:351,0
DA:357,0
DA:358,0
DA:361,0
DA:362,0
DA:367,0
DA:372,2
DA:373,2
DA:374,1
DA:376,1
DA:381,2
DA:382,1
DA:384,1
LF:159
LH:98
BRDA:42,1,0,0
BRDA:43,2,0,0
BRDA:75,3,0,2
BRDA:75,3,1,0
BRDA:78,4,0,0
BRDA:78,4,1,0
BRDA:97,5,0,4
BRDA:97,5,1,6
BRDA:97,6,0,10
BRDA:97,6,1,8
BRDA:101,7,0,4
BRDA:101,7,1,2
BRDA:101,8,0,6
BRDA:101,8,1,6
BRDA:119,9,0,1
BRDA:119,9,1,0
BRDA:136,10,0,3
BRDA:136,10,1,2
BRDA:144,11,0,6
BRDA:144,11,1,0
BRDA:160,12,0,1
BRDA:160,12,1,1
BRDA:169,13,0,1
BRDA:169,13,1,0
BRDA:178,14,0,0
BRDA:178,14,1,1
BRDA:193,15,0,0
BRDA:193,15,1,1
BRDA:213,16,0,1
BRDA:213,16,1,0
BRDA:217,17,0,0
BRDA:217,17,1,1
BRDA:217,18,0,1
BRDA:217,18,1,1
BRDA:222,19,0,0
BRDA:222,19,1,1
BRDA:222,20,0,1
BRDA:222,20,1,1
BRDA:227,21,0,0
BRDA:227,21,1,1
BRDA:247,22,0,1
BRDA:247,22,1,0
BRDA:254,23,0,1
BRDA:254,23,1,0
BRDA:265,24,0,0
BRDA:265,24,1,0
BRDA:273,25,0,0
BRDA:273,25,1,0
BRDA:283,26,0,1
BRDA:283,26,1,0
BRDA:288,27,0,0
BRDA:288,27,1,0
BRDA:300,28,0,0
BRDA:300,28,1,0
BRDA:309,29,0,0
BRDA:309,29,1,0
BRDA:314,30,0,0
BRDA:314,30,1,0
BRDA:323,31,0,0
BRDA:323,31,1,0
BRDA:326,32,0,0
BRDA:326,32,1,0
BRDA:327,33,0,0
BRDA:327,33,1,0
BRDA:336,34,0,0
BRDA:336,34,1,0
BRDA:341,35,0,0
BRDA:341,35,1,0
BRDA:347,36,0,0
BRDA:347,36,1,0
BRDA:346,37,0,0
BRDA:346,37,1,0
BRDA:362,38,0,0
BRDA:362,38,1,0
BRDA:373,39,0,1
BRDA:373,39,1,1
BRDA:381,40,0,1
BRDA:381,40,1,1
BRF:78
BRH:33
end_of_record
TN:
SF:/Users/piotrp/code/github/piotrpMSFT/omnisharp-vscode/out/src/proxy.ts
FN:13,getSystemProxyURL
FN:23,getProxyAgent
FNF:2
FNH:2
FNDA:1,getSystemProxyURL
FNDA:1,getProxyAgent
DA:8,1
DA:9,1
DA:10,1
DA:11,1
DA:14,1
DA:15,0
DA:16,1
DA:17,1
DA:20,0
DA:23,1
DA:24,1
DA:26,1
DA:27,1
DA:30,0
DA:32,0
DA:33,0
DA:36,0
DA:43,0
LF:18
LH:11
BRDA:14,1,0,0
BRDA:14,1,1,1
BRDA:15,2,0,0
BRDA:15,2,1,0
BRDA:15,2,2,0
BRDA:16,3,0,1
BRDA:16,3,1,0
BRDA:17,4,0,1
BRDA:17,4,1,1
BRDA:17,4,2,1
BRDA:17,4,3,1
BRDA:17,4,4,1
BRDA:24,5,0,1
BRDA:24,5,1,1
BRDA:26,6,0,1
BRDA:26,6,1,0
BRDA:32,7,0,0
BRDA:32,7,1,0
BRDA:40,8,0,0
BRDA:40,8,1,0
BRDA:43,9,0,0
BRDA:43,9,1,0
BRF:22
BRH:10
end_of_record
TN:
SF:/Users/piotrp/code/github/piotrpMSFT/omnisharp-vscode/out/src/omnisharp/OmnisharpPackageCreator.ts
FN:8,GetPackagesFromVersion
FN:23,SetBinaryAndGetPackage
FN:41,GetPackage
FN:56,GetVersionFilePackage
FNF:4
FNH:4
FNDA:1,GetPackagesFromVersion
FNDA:5,SetBinaryAndGetPackage
FNDA:5,GetPackage
FNDA:1,GetVersionFilePackage
DA:8,1
DA:9,1
DA:10,0
DA:13,1
DA:14,1
DA:15,8
DA:16,5
DA:20,1
DA:23,1
DA:25,5
DA:26,2
DA:28,3
DA:29,1
DA:31,2
DA:32,1
DA:34,1
DA:35,1
DA:38,5
DA:42,5
DA:43,0
DA:46,5
DA:53,5
DA:56,1
DA:57,1
LF:24
LH:22
BRDA:9,1,0,0
BRDA:9,1,1,1
BRDA:15,2,0,5
BRDA:15,2,1,3
BRDA:25,3,0,2
BRDA:25,3,1,3
BRDA:25,4,0,5
BRDA:25,4,1,4
BRDA:28,5,0,1
BRDA:28,5,1,2
BRDA:31,6,0,1
BRDA:31,6,1,1
BRDA:34,7,0,1
BRDA:34,7,1,0
BRDA:42,8,0,0
BRDA:42,8,1,5
BRF:16
BRH:13
end_of_record
TN:
SF:/Users/piotrp/code/github/piotrpMSFT/omnisharp-vscode/out/src/downloader.helper.ts
FN:11,GetNetworkConfiguration
FN:18,GetStatus
FN:21,(anonymous_2)
FN:25,(anonymous_3)
FN:29,(anonymous_4)
FN:37,ReportInstallationError
FN:62,SendInstallationTelemetry
FNF:7
FNH:6
FNDA:1,GetNetworkConfiguration
FNDA:1,GetStatus
FNDA:1,(anonymous_2)
FNDA:2,(anonymous_3)
FNDA:1,(anonymous_4)
FNDA:0,ReportInstallationError
FNDA:1,SendInstallationTelemetry
DA:5,1
DA:6,1
DA:11,1
DA:12,1
DA:13,1
DA:14,1
DA:15,1
DA:18,1
DA:19,1
DA:20,1
DA:22,1
DA:23,1
DA:26,2
DA:27,2
DA:30,1
DA:34,1
DA:37,1
DA:39,0
DA:41,0
DA:42,0
DA:43,0
DA:46,0
DA:48,0
DA:49,0
DA:54,0
DA:57,0
DA:58,0
DA:59,0
DA:62,1
DA:63,1
DA:64,1
DA:65,1
DA:66,1
DA:67,0
DA:69,1
DA:70,1
DA:73,1
DA:74,1
DA:75,1
DA:76,1
LF:40
LH:28
BRDA:39,1,0,0
BRDA:39,1,1,0
BRDA:42,2,0,0
BRDA:42,2,1,0
BRDA:48,3,0,0
BRDA:48,3,1,0
BRDA:66,4,0,0
BRDA:66,4,1,1
BRDA:69,5,0,1
BRDA:69,5,1,0
BRF:10
BRH:2
end_of_record
TN:
SF:/Users/piotrp/code/github/piotrpMSFT/omnisharp-vscode/out/src/features/referenceProvider.ts
FN:16,(anonymous_0)
FN:22,(anonymous_1)
FNF:2
FNH:0
FNDA:0,(anonymous_0)
FNDA:0,(anonymous_1)
DA:8,1
DA:10,1
DA:11,1
DA:14,1
DA:18,0
DA:19,0
DA:20,0
DA:22,0
DA:23,0
DA:24,0
LF:10
LH:4
BRDA:23,1,0,0
BRDA:23,1,1,0
BRDA:23,2,0,0
BRDA:23,2,1,0
BRF:4
BRH:0
end_of_record
TN:
SF:/Users/piotrp/code/github/piotrpMSFT/omnisharp-vscode/out/src/features/renameProvider.ts
FN:16,(anonymous_0)
FN:22,(anonymous_1)
FN:29,(anonymous_2)
FN:31,(anonymous_3)
FNF:4
FNH:0
FNDA:0,(anonymous_0)
FNDA:0,(anonymous_1)
FNDA:0,(anonymous_2)
FNDA:0,(anonymous_3)
DA:8,1
DA:10,1
DA:11,1
DA:12,1
DA:14,1
DA:18,0
DA:19,0
DA:20,0
DA:22,0
DA:24,0
DA:25,0
DA:28,0
DA:29,0
DA:30,0
DA:31,0
DA:32,0
DA:38,0
LF:17
LH:5
BRDA:24,1,0,0
BRDA:24,1,1,0
BRF:2
BRH:0
end_of_record
TN:
SF:/Users/piotrp/code/github/piotrpMSFT/omnisharp-vscode/out/src/features/signatureHelpProvider.ts
FN:17,(anonymous_0)
FN:21,(anonymous_1)
FN:49,(anonymous_2)
FNF:3
FNH:3
FNDA:8,(anonymous_0)
FNDA:8,(anonymous_1)
FNDA:12,(anonymous_2)
DA:8,1
DA:9,1
DA:10,1
DA:11,1
DA:12,1
DA:15,1
DA:19,8
DA:21,8
DA:23,8
DA:24,0
DA:27,8
DA:28,8
DA:29,8
DA:31,8
DA:33,8
DA:34,8
DA:36,8
DA:37,12
DA:41,12
DA:45,8
DA:50,12
DA:51,12
DA:52,12
DA:53,12
DA:56,0
LF:25
LH:23
BRDA:23,1,0,0
BRDA:23,1,1,8
BRDA:51,2,0,12
BRDA:51,2,1,0
BRF:4
BRH:2
end_of_record
TN:
SF:/Users/piotrp/code/github/piotrpMSFT/omnisharp-vscode/out/src/features/dotnetTest.ts
FN:27,(anonymous_6)
FN:33,(anonymous_7)
FN:37,(anonymous_8)
FN:41,(anonymous_9)
FN:45,(anonymous_10)
FN:48,(anonymous_11)
FN:50,(anonymous_12)
FN:62,(anonymous_13)
FN:71,(anonymous_14)
FN:88,(anonymous_15)
FN:105,(anonymous_16)
FN:118,(anonymous_17)
FN:123,(anonymous_18)
FN:132,(anonymous_19)
FN:135,(anonymous_20)
FN:162,(anonymous_21)
FN:183,(anonymous_23)
FN:190,(anonymous_25)
FN:197,(anonymous_26)
FN:198,(anonymous_27)
FN:199,(anonymous_28)
FN:205,(anonymous_29)
FN:209,(anonymous_31)
FN:216,(anonymous_32)
FN:217,(anonymous_33)
FN:218,(anonymous_34)
FN:224,(anonymous_35)
FN:233,(anonymous_36)
FN:236,(anonymous_37)
FN:263,(anonymous_38)
FN:267,(anonymous_39)
FN:279,(anonymous_40)
FN:285,(anonymous_41)
FN:289,(anonymous_42)
FN:301,(anonymous_43)
FN:307,(anonymous_44)
FN:319,(anonymous_45)
FN:345,(anonymous_47)
FN:358,(anonymous_49)
FN:362,(anonymous_50)
FN:370,(anonymous_51)
FN:377,(anonymous_53)
FN:381,(anonymous_54)
FN:389,(anonymous_55)
FN:396,(anonymous_56)
FN:399,(anonymous_57)
FN:411,(anonymous_58)
FN:428,(anonymous_59)
FN:441,(anonymous_60)
FN:450,(anonymous_61)
FN:451,(anonymous_62)
FN:475,(anonymous_63)
FN:480,(anonymous_64)
FN:481,(anonymous_65)
FN:483,(anonymous_66)
FN:491,(anonymous_67)
FN:499,(anonymous_68)
FN:503,(anonymous_69)
FN:519,(anonymous_70)
FN:525,(anonymous_71)
FN:530,(anonymous_72)
FN:535,(anonymous_73)
FN:549,(anonymous_74)
FNF:63
FNH:1
FNDA:1,(anonymous_6)
FNDA:0,(anonymous_7)
FNDA:0,(anonymous_8)
FNDA:0,(anonymous_9)
FNDA:0,(anonymous_10)
FNDA:0,(anonymous_11)
FNDA:0,(anonymous_12)
FNDA:0,(anonymous_13)
FNDA:0,(anonymous_14)
FNDA:0,(anonymous_15)
FNDA:0,(anonymous_16)
FNDA:0,(anonymous_17)
FNDA:0,(anonymous_18)
FNDA:0,(anonymous_19)
FNDA:0,(anonymous_20)
FNDA:0,(anonymous_21)
FNDA:0,(anonymous_23)
FNDA:0,(anonymous_25)
FNDA:0,(anonymous_26)
FNDA:0,(anonymous_27)
FNDA:0,(anonymous_28)
FNDA:0,(anonymous_29)
FNDA:0,(anonymous_31)
FNDA:0,(anonymous_32)
FNDA:0,(anonymous_33)
FNDA:0,(anonymous_34)
FNDA:0,(anonymous_35)
FNDA:0,(anonymous_36)
FNDA:0,(anonymous_37)
FNDA:0,(anonymous_38)
FNDA:0,(anonymous_39)
FNDA:0,(anonymous_40)
FNDA:0,(anonymous_41)
FNDA:0,(anonymous_42)
FNDA:0,(anonymous_43)
FNDA:0,(anonymous_44)
FNDA:0,(anonymous_45)
FNDA:0,(anonymous_47)
FNDA:0,(anonymous_49)
FNDA:0,(anonymous_50)
FNDA:0,(anonymous_51)
FNDA:0,(anonymous_53)
FNDA:0,(anonymous_54)
FNDA:0,(anonymous_55)
FNDA:0,(anonymous_56)
FNDA:0,(anonymous_57)
FNDA:0,(anonymous_58)
FNDA:0,(anonymous_59)
FNDA:0,(anonymous_60)
FNDA:0,(anonymous_61)
FNDA:0,(anonymous_62)
FNDA:0,(anonymous_63)
FNDA:0,(anonymous_64)
FNDA:0,(anonymous_65)
FNDA:0,(anonymous_66)
FNDA:0,(anonymous_67)
FNDA:0,(anonymous_68)
FNDA:0,(anonymous_69)
FNDA:0,(anonymous_70)
FNDA:0,(anonymous_71)
FNDA:0,(anonymous_72)
FNDA:0,(anonymous_73)
FNDA:0,(anonymous_74)
DA:7,1
DA:8,1
DA:9,1
DA:10,1
DA:11,1
DA:12,1
DA:13,1
DA:14,1
DA:16,1
DA:18,1
DA:20,1
DA:25,1
DA:28,1
DA:31,1
DA:33,0
DA:35,1
DA:37,0
DA:39,1
DA:41,0
DA:43,1
DA:45,0
DA:47,1
DA:48,0
DA:50,1
DA:51,0
DA:53,0
DA:54,0
DA:55,0
DA:59,1
DA:63,0
DA:64,0
DA:65,0
DA:68,0
DA:72,0
DA:73,0
DA:76,0
DA:78,0
DA:79,0
DA:82,0
DA:85,0
DA:89,0
DA:90,0
DA:93,0
DA:95,0
DA:96,0
DA:99,0
DA:102,0
DA:106,0
DA:107,0
DA:110,0
DA:111,0
DA:114,0
DA:115,0
DA:119,0
DA:124,0
DA:131,0
DA:132,0
DA:136,0
DA:137,0
DA:139,0
DA:140,0
DA:141,0
DA:142,0
DA:144,0
DA:145,0
DA:147,0
DA:148,0
DA:150,0
DA:151,0
DA:155,0
DA:156,0
DA:157,0
DA:159,0
DA:164,0
DA:165,0
DA:166,0
DA:170,0
DA:171,0
DA:173,0
DA:174,0
DA:177,0
DA:180,0
DA:184,0
DA:186,0
DA:187,0
DA:188,0
DA:190,0
DA:191,0
DA:194,0
DA:196,0
DA:197,0
DA:198,0
DA:200,0
DA:201,0
DA:206,0
DA:208,0
DA:209,0
DA:210,0
DA:213,0
DA:215,0
DA:216,0
DA:217,0
DA:219,0
DA:220,0
DA:225,0
DA:232,0
DA:233,0
DA:237,0
DA:241,0
DA:243,0
DA:245,0
DA:248,0
DA:249,0
DA:253,0
DA:254,0
DA:255,0
DA:256,0
DA:257,0
DA:258,0
DA:260,0
DA:264,0
DA:267,0
DA:268,0
DA:271,0
DA:278,0
DA:280,0
DA:281,0
DA:286,0
DA:289,0
DA:290,0
DA:293,0
DA:300,0
DA:302,0
DA:303,0
DA:308,0
DA:310,0
DA:312,0
DA:315,0
DA:320,0
DA:321,0
DA:322,0
DA:325,0
DA:328,0
DA:329,0
DA:330,0
DA:332,0
DA:333,0
DA:334,0
DA:335,0
DA:336,0
DA:339,0
DA:342,0
DA:349,0
DA:351,0
DA:352,0
DA:353,0
DA:355,0
DA:357,0
DA:359,0
DA:360,0
DA:363,0
DA:364,0
DA:365,0
DA:372,0
DA:374,0
DA:376,0
DA:378,0
DA:379,0
DA:382,0
DA:383,0
DA:384,0
DA:390,0
DA:391,0
DA:393,0
DA:397,0
DA:399,0
DA:400,0
DA:403,0
DA:410,0
DA:412,0
DA:413,0
DA:419,1
DA:426,0
DA:429,0
DA:430,0
DA:431,0
DA:433,0
DA:434,0
DA:435,0
DA:437,0
DA:444,0
DA:445,0
DA:448,0
DA:450,0
DA:451,0
DA:453,0
DA:454,0
DA:457,0
DA:458,0
DA:461,0
DA:463,0
DA:464,0
DA:465,0
DA:466,0
DA:469,0
DA:470,0
DA:471,0
DA:475,0
DA:476,0
DA:480,0
DA:481,0
DA:482,0
DA:483,0
DA:484,0
DA:485,0
DA:487,0
DA:491,0
DA:492,0
DA:493,0
DA:500,0
DA:504,0
DA:505,0
DA:508,0
DA:509,0
DA:512,0
DA:514,0
DA:515,0
DA:520,0
DA:525,0
DA:526,0
DA:529,0
DA:531,0
DA:536,0
DA:537,0
DA:540,0
DA:544,0
DA:546,0
DA:550,0
DA:552,0
DA:555,0
LF:240
LH:21
BRDA:51,1,0,0
BRDA:51,1,1,0
BRDA:63,2,0,0
BRDA:63,2,1,0
BRDA:72,3,0,0
BRDA:72,3,1,0
BRDA:78,4,0,0
BRDA:78,4,1,0
BRDA:89,5,0,0
BRDA:89,5,1,0
BRDA:95,6,0,0
BRDA:95,6,1,0
BRDA:106,7,0,0
BRDA:106,7,1,0
BRDA:110,8,0,0
BRDA:110,8,1,0
BRDA:143,9,0,0
BRDA:143,9,1,0
BRDA:143,9,2,0
BRDA:170,10,0,0
BRDA:170,10,1,0
BRDA:173,11,0,0
BRDA:173,11,1,0
BRDA:241,12,0,0
BRDA:241,12,1,0
BRDA:248,13,0,0
BRDA:248,13,1,0
BRDA:309,14,0,0
BRDA:309,14,1,0
BRDA:309,14,2,0
BRDA:328,15,0,0
BRDA:328,15,1,0
BRDA:332,16,0,0
BRDA:332,16,1,0
BRDA:364,17,0,0
BRDA:364,17,1,0
BRDA:383,18,0,0
BRDA:383,18,1,0
BRDA:390,19,0,0
BRDA:390,19,1,0
BRDA:434,20,0,0
BRDA:434,20,1,0
BRDA:444,21,0,0
BRDA:444,21,1,0
BRDA:462,22,0,0
BRDA:462,22,1,0
BRDA:484,23,0,0
BRDA:484,23,1,0
BRDA:504,24,0,0
BRDA:504,24,1,0
BRDA:508,25,0,0
BRDA:508,25,1,0
BRDA:514,26,0,0
BRDA:514,26,1,0
BRDA:536,27,0,0
BRDA:536,27,1,0
BRDA:550,28,0,0
BRDA:550,28,1,0
BRF:58
BRH:0
end_of_record
TN:
SF:/Users/piotrp/code/github/piotrpMSFT/omnisharp-vscode/out/src/coreclr-debug/debuggerEventsProtocol.ts
FN:12,(anonymous_0)
FN:13,(anonymous_1)
FN:34,decodePacket
FNF:3
FNH:2
FNDA:1,(anonymous_0)
FNDA:1,(anonymous_1)
FNDA:0,decodePacket
DA:12,1
DA:13,1
DA:15,1
DA:18,1
DA:20,1
DA:34,1
DA:36,0
DA:37,0
DA:40,0
DA:41,0
LF:10
LH:6
BRDA:13,1,0,1
BRDA:13,1,1,1
BRDA:36,2,0,0
BRDA:36,2,1,0
BRDA:12,3,0,1
BRDA:12,3,1,1
BRF:6
BRH:4
end_of_record
TN:
SF:/Users/piotrp/code/github/piotrpMSFT/omnisharp-vscode/out/src/features/workspaceSymbolProvider.ts
FN:17,(anonymous_0)
FN:19,(anonymous_1)
FN:26,(anonymous_2)
FN:33,(anonymous_3)
FNF:4
FNH:0
FNDA:0,(anonymous_0)
FNDA:0,(anonymous_1)
FNDA:0,(anonymous_2)
FNDA:0,(anonymous_3)
DA:8,1
DA:10,1
DA:11,1
DA:12,1
DA:15,1
DA:19,0
DA:20,0
DA:21,0
DA:28,0
DA:34,0
DA:36,0
DA:38,0
DA:40,0
DA:42,0
DA:44,0
DA:46,0
DA:48,0
DA:50,0
DA:52,0
DA:54,0
LF:20
LH:5
BRDA:20,1,0,0
BRDA:20,1,1,0
BRDA:20,2,0,0
BRDA:20,2,1,0
BRDA:35,3,0,0
BRDA:35,3,1,0
BRDA:35,3,2,0
BRDA:35,3,3,0
BRDA:35,3,4,0
BRDA:35,3,5,0
BRDA:35,3,6,0
BRDA:35,3,7,0
BRDA:35,3,8,0
BRDA:35,3,9,0
BRF:14
BRH:0
end_of_record
TN:
SF:/Users/piotrp/code/github/piotrpMSFT/omnisharp-vscode/out/src/features/changeForwarding.ts
FN:13,forwardDocumentChanges
FN:15,(anonymous_1)
FN:26,(anonymous_2)
FN:33,forwardFileChanges
FN:35,onFileSystemEvent
FN:36,(anonymous_5)
FN:44,(anonymous_6)
FN:59,forwardChanges
FNF:8
FNH:5
FNDA:1,forwardDocumentChanges
FNDA:0,(anonymous_1)
FNDA:0,(anonymous_2)
FNDA:1,forwardFileChanges
FNDA:3,onFileSystemEvent
FNDA:36,(anonymous_5)
FNDA:0,(anonymous_6)
FNDA:1,forwardChanges
DA:8,1
DA:10,1
DA:11,1
DA:15,1
DA:17,0
DA:18,0
DA:19,0
DA:22,0
DA:23,0
DA:26,0
DA:27,0
DA:28,0
DA:36,3
DA:38,36
DA:39,0
DA:42,36
DA:44,36
DA:45,0
DA:46,0
DA:51,1
DA:52,1
DA:53,1
DA:54,1
DA:56,1
DA:59,1
DA:62,1
LF:26
LH:15
BRDA:18,1,0,0
BRDA:18,1,1,0
BRDA:18,2,0,0
BRDA:18,2,1,0
BRDA:22,3,0,0
BRDA:22,3,1,0
BRDA:38,4,0,0
BRDA:38,4,1,36
BRF:8
BRH:1
end_of_record
TN:
SF:/Users/piotrp/code/github/piotrpMSFT/omnisharp-vscode/out/src/features/commands.ts
FN:23,registerCommands
FN:24,(anonymous_1)
FN:25,(anonymous_2)
FN:26,(anonymous_3)
FN:27,(anonymous_4)
FN:31,(anonymous_5)
FN:36,(anonymous_6)
FN:39,(anonymous_7)
FN:42,(anonymous_8)
FN:45,(anonymous_9)
FN:46,(anonymous_10)
FN:51,restartOmniSharp
FN:60,pickProjectAndStart
FN:62,(anonymous_13)
FN:76,(anonymous_14)
FN:90,projectsToCommands
FN:91,(anonymous_16)
FN:94,(anonymous_17)
FN:95,(anonymous_18)
FN:116,dotnetRestoreAllProjects
FN:122,(anonymous_20)
FN:132,(anonymous_21)
FN:134,(anonymous_22)
FN:142,dotnetRestoreForProject
FN:148,(anonymous_24)
FN:164,dotnetRestore
FN:165,(anonymous_26)
FN:178,handleData
FN:179,(anonymous_28)
FN:183,(anonymous_29)
FN:191,(anonymous_30)
FN:196,(anonymous_31)
FNF:32
FNH:3
FNDA:1,registerCommands
FNDA:0,(anonymous_1)
FNDA:0,(anonymous_2)
FNDA:0,(anonymous_3)
FNDA:0,(anonymous_4)
FNDA:0,(anonymous_5)
FNDA:0,(anonymous_6)
FNDA:1,(anonymous_7)
FNDA:0,(anonymous_8)
FNDA:1,(anonymous_9)
FNDA:0,(anonymous_10)
FNDA:0,restartOmniSharp
FNDA:0,pickProjectAndStart
FNDA:0,(anonymous_13)
FNDA:0,(anonymous_14)
FNDA:0,projectsToCommands
FNDA:0,(anonymous_16)
FNDA:0,(anonymous_17)
FNDA:0,(anonymous_18)
FNDA:0,dotnetRestoreAllProjects
FNDA:0,(anonymous_20)
FNDA:0,(anonymous_21)
FNDA:0,(anonymous_22)
FNDA:0,dotnetRestoreForProject
FNDA:0,(anonymous_24)
FNDA:0,dotnetRestore
FNDA:0,(anonymous_26)
FNDA:0,handleData
FNDA:0,(anonymous_28)
FNDA:0,(anonymous_29)
FNDA:0,(anonymous_30)
FNDA:0,(anonymous_31)
DA:9,1
DA:10,1
DA:11,1
DA:12,1
DA:13,1
DA:14,1
DA:15,1
DA:16,1
DA:17,1
DA:19,1
DA:21,1
DA:23,1
DA:24,1
DA:25,1
DA:26,1
DA:27,1
DA:31,1
DA:34,1
DA:35,1
DA:36,1
DA:39,1
DA:42,1
DA:45,1
DA:46,1
DA:48,1
DA:52,0
DA:53,0
DA:56,0
DA:62,0
DA:64,0
DA:65,0
DA:66,0
DA:67,0
DA:68,0
DA:73,0
DA:77,0
DA:78,0
DA:91,0
DA:92,0
DA:94,0
DA:95,0
DA:96,0
DA:97,0
DA:100,0
DA:101,0
DA:104,0
DA:108,0
DA:116,1
DA:118,0
DA:119,0
DA:122,0
DA:124,0
DA:126,0
DA:127,0
DA:130,0
DA:132,0
DA:133,0
DA:135,0
DA:136,0
DA:142,1
DA:144,0
DA:145,0
DA:148,0
DA:150,0
DA:152,0
DA:153,0
DA:156,0
DA:157,0
DA:158,0
DA:165,0
DA:166,0
DA:167,0
DA:169,0
DA:170,0
DA:172,0
DA:173,0
DA:176,0
DA:179,0
DA:180,0
DA:183,0
DA:184,0
DA:188,0
DA:189,0
DA:191,0
DA:192,0
DA:193,0
DA:196,0
DA:197,0
DA:198,0
LF:89
LH:27
BRDA:52,1,0,0
BRDA:52,1,1,0
BRDA:65,2,0,0
BRDA:65,2,1,0
BRDA:67,3,0,0
BRDA:67,3,1,0
BRDA:77,4,0,0
BRDA:77,4,1,0
BRDA:96,5,0,0
BRDA:96,5,1,0
BRDA:100,6,0,0
BRDA:100,6,1,0
BRDA:105,7,0,0
BRDA:105,7,1,0
BRDA:118,8,0,0
BRDA:118,8,1,0
BRDA:126,9,0,0
BRDA:126,9,1,0
BRDA:135,10,0,0
BRDA:135,10,1,0
BRDA:144,11,0,0
BRDA:144,11,1,0
BRDA:152,12,0,0
BRDA:152,12,1,0
BRDA:157,13,0,0
BRDA:157,13,1,0
BRDA:172,14,0,0
BRDA:172,14,1,0
BRF:28
BRH:0
end_of_record
TN:
SF:/Users/piotrp/code/github/piotrpMSFT/omnisharp-vscode/out/src/features/processPicker.ts
FN:24,(anonymous_0)
FN:26,(anonymous_1)
FN:28,(anonymous_2)
FN:36,(anonymous_3)
FN:50,(anonymous_4)
FN:51,(anonymous_5)
FN:52,(anonymous_6)
FN:53,(anonymous_7)
FN:54,(anonymous_8)
FN:59,(anonymous_9)
FN:60,(anonymous_10)
FN:89,(anonymous_11)
FN:112,(anonymous_12)
FN:125,(anonymous_13)
FN:126,(anonymous_14)
FN:139,(anonymous_15)
FN:155,(anonymous_16)
FN:161,(anonymous_17)
FN:181,(anonymous_18)
FN:190,(anonymous_19)
FN:191,(anonymous_20)
FN:194,(anonymous_21)
FN:219,(anonymous_22)
FN:220,(anonymous_23)
FN:228,(anonymous_24)
FN:232,(anonymous_25)
FN:235,(anonymous_26)
FN:263,(anonymous_27)
FN:265,(anonymous_28)
FN:276,(anonymous_29)
FN:289,(anonymous_30)
FN:290,(anonymous_31)
FN:296,sortProcessEntries
FN:300,(anonymous_33)
FN:312,(anonymous_34)
FN:317,(anonymous_35)
FN:324,(anonymous_36)
FN:354,(anonymous_37)
FN:357,(anonymous_38)
FN:377,(anonymous_39)
FN:396,(anonymous_40)
FN:417,(anonymous_41)
FN:419,(anonymous_42)
FN:434,(anonymous_43)
FN:435,(anonymous_44)
FN:436,(anonymous_45)
FN:439,(anonymous_46)
FN:462,(anonymous_47)
FN:486,execChildProcess
FN:487,(anonymous_49)
FN:488,(anonymous_50)
FN:507,GetSysNativePathIfNeeded
FN:508,(anonymous_52)
FN:519,execChildProcessAndOutputErrorToChannel
FN:522,(anonymous_54)
FN:523,(anonymous_55)
FN:524,(anonymous_56)
FNF:57
FNH:2
FNDA:1,(anonymous_0)
FNDA:0,(anonymous_1)
FNDA:0,(anonymous_2)
FNDA:0,(anonymous_3)
FNDA:0,(anonymous_4)
FNDA:0,(anonymous_5)
FNDA:0,(anonymous_6)
FNDA:0,(anonymous_7)
FNDA:0,(anonymous_8)
FNDA:0,(anonymous_9)
FNDA:0,(anonymous_10)
FNDA:0,(anonymous_11)
FNDA:0,(anonymous_12)
FNDA:0,(anonymous_13)
FNDA:0,(anonymous_14)
FNDA:0,(anonymous_15)
FNDA:0,(anonymous_16)
FNDA:0,(anonymous_17)
FNDA:0,(anonymous_18)
FNDA:0,(anonymous_19)
FNDA:0,(anonymous_20)
FNDA:0,(anonymous_21)
FNDA:0,(anonymous_22)
FNDA:0,(anonymous_23)
FNDA:0,(anonymous_24)
FNDA:0,(anonymous_25)
FNDA:0,(anonymous_26)
FNDA:0,(anonymous_27)
FNDA:0,(anonymous_28)
FNDA:1,(anonymous_29)
FNDA:0,(anonymous_30)
FNDA:0,(anonymous_31)
FNDA:0,sortProcessEntries
FNDA:0,(anonymous_33)
FNDA:0,(anonymous_34)
FNDA:0,(anonymous_35)
FNDA:0,(anonymous_36)
FNDA:0,(anonymous_37)
FNDA:0,(anonymous_38)
FNDA:0,(anonymous_39)
FNDA:0,(anonymous_40)
FNDA:0,(anonymous_41)
FNDA:0,(anonymous_42)
FNDA:0,(anonymous_43)
FNDA:0,(anonymous_44)
FNDA:0,(anonymous_45)
FNDA:0,(anonymous_46)
FNDA:0,(anonymous_47)
FNDA:0,execChildProcess
FNDA:0,(anonymous_49)
FNDA:0,(anonymous_50)
FNDA:0,GetSysNativePathIfNeeded
FNDA:0,(anonymous_52)
FNDA:0,execChildProcessAndOutputErrorToChannel
FNDA:0,(anonymous_54)
FNDA:0,(anonymous_55)
FNDA:0,(anonymous_56)
DA:6,1
DA:7,1
DA:8,1
DA:9,1
DA:10,1
DA:12,1
DA:13,1
DA:23,1
DA:24,1
DA:27,0
DA:29,0
DA:35,0
DA:37,0
DA:49,1
DA:50,0
DA:51,0
DA:52,0
DA:53,0
DA:54,0
DA:57,1
DA:60,0
DA:62,0
DA:63,0
DA:64,0
DA:65,0
DA:68,0
DA:71,0
DA:76,0
DA:79,0
DA:84,0
DA:90,0
DA:91,0
DA:92,0
DA:93,0
DA:95,0
DA:96,0
DA:97,0
DA:98,0
DA:101,0
DA:113,0
DA:114,0
DA:115,0
DA:116,0
DA:117,0
DA:118,0
DA:121,0
DA:126,0
DA:127,0
DA:128,0
DA:130,0
DA:131,0
DA:134,0
DA:141,0
DA:144,0
DA:145,0
DA:149,0
DA:152,0
DA:156,0
DA:158,0
DA:161,0
DA:162,0
DA:163,0
DA:164,0
DA:167,0
DA:172,0
DA:173,0
DA:177,0
DA:182,0
DA:183,0
DA:186,0
DA:191,0
DA:196,0
DA:197,0
DA:199,0
DA:204,0
DA:206,0
DA:208,0
DA:211,0
DA:213,0
DA:216,0
DA:218,0
DA:219,0
DA:221,0
DA:226,0
DA:228,0
DA:233,0
DA:235,0
DA:238,0
DA:240,0
DA:241,0
DA:244,0
DA:246,0
DA:247,0
DA:251,0
DA:252,0
DA:254,0
DA:255,0
DA:263,0
DA:266,0
DA:275,1
DA:277,1
DA:278,0
DA:281,1
DA:290,0
DA:291,0
DA:299,0
DA:300,0
DA:301,0
DA:302,0
DA:303,0
DA:304,0
DA:305,0
DA:306,0
DA:308,0
DA:312,0
DA:313,0
DA:316,1
DA:323,0
DA:324,0
DA:325,0
DA:330,1
DA:354,0
DA:358,0
DA:359,0
DA:362,0
DA:363,0
DA:364,0
DA:365,0
DA:368,0
DA:369,0
DA:370,0
DA:374,0
DA:378,0
DA:381,0
DA:382,0
DA:383,0
DA:384,0
DA:387,0
DA:388,0
DA:389,0
DA:393,0
DA:405,0
DA:406,0
DA:407,0
DA:408,0
DA:409,0
DA:410,0
DA:411,0
DA:416,1
DA:418,0
DA:419,0
DA:420,0
DA:425,1
DA:434,0
DA:435,0
DA:436,0
DA:440,0
DA:441,0
DA:442,0
DA:444,0
DA:445,0
DA:446,0
DA:447,0
DA:450,0
DA:453,0
DA:454,0
DA:455,0
DA:459,0
DA:463,0
DA:464,0
DA:465,0
DA:466,0
DA:467,0
DA:468,0
DA:470,0
DA:471,0
DA:473,0
DA:474,0
DA:475,0
DA:476,0
DA:479,0
DA:487,0
DA:488,0
DA:489,0
DA:490,0
DA:491,0
DA:494,0
DA:495,0
DA:496,0
DA:499,0
DA:508,0
DA:509,0
DA:510,0
DA:511,0
DA:512,0
DA:515,0
DA:520,0
DA:522,0
DA:523,0
DA:524,0
DA:525,0
DA:527,0
DA:528,0
DA:531,0
DA:532,0
DA:535,0
DA:536,0
DA:540,0
DA:541,0
DA:542,0
DA:543,0
DA:544,0
DA:547,0
LF:213
LH:18
BRDA:37,1,0,0
BRDA:37,1,1,0
BRDA:62,2,0,0
BRDA:62,2,1,0
BRDA:62,3,0,0
BRDA:62,3,1,0
BRDA:76,4,0,0
BRDA:76,4,1,0
BRDA:76,5,0,0
BRDA:76,5,1,0
BRDA:76,5,2,0
BRDA:92,6,0,0
BRDA:92,6,1,0
BRDA:95,7,0,0
BRDA:95,7,1,0
BRDA:96,8,0,0
BRDA:96,8,1,0
BRDA:97,9,0,0
BRDA:97,9,1,0
BRDA:98,10,0,0
BRDA:98,10,1,0
BRDA:113,11,0,0
BRDA:113,11,1,0
BRDA:113,12,0,0
BRDA:113,12,1,0
BRDA:115,13,0,0
BRDA:115,13,1,0
BRDA:115,14,0,0
BRDA:115,14,1,0
BRDA:117,15,0,0
BRDA:117,15,1,0
BRDA:117,16,0,0
BRDA:117,16,1,0
BRDA:127,17,0,0
BRDA:127,17,1,0
BRDA:130,18,0,0
BRDA:130,18,1,0
BRDA:144,19,0,0
BRDA:144,19,1,0
BRDA:161,20,0,0
BRDA:161,20,1,0
BRDA:177,21,0,0
BRDA:177,21,1,0
BRDA:181,22,0,0
BRDA:182,23,0,0
BRDA:182,23,1,0
BRDA:182,24,0,0
BRDA:182,24,1,0
BRDA:196,25,0,0
BRDA:196,25,1,0
BRDA:204,26,0,0
BRDA:204,26,1,0
BRDA:206,27,0,0
BRDA:206,27,1,0
BRDA:211,28,0,0
BRDA:211,28,1,0
BRDA:211,29,0,0
BRDA:211,29,1,0
BRDA:228,30,0,0
BRDA:228,30,1,0
BRDA:240,31,0,0
BRDA:240,31,1,0
BRDA:246,32,0,0
BRDA:246,32,1,0
BRDA:246,33,0,0
BRDA:246,33,1,0
BRDA:251,34,0,0
BRDA:251,34,1,0
BRDA:277,35,0,0
BRDA:277,35,1,1
BRDA:299,36,0,0
BRDA:299,36,1,0
BRDA:301,37,0,0
BRDA:301,37,1,0
BRDA:301,38,0,0
BRDA:301,38,1,0
BRDA:302,39,0,0
BRDA:302,39,1,0
BRDA:303,40,0,0
BRDA:303,40,1,0
BRDA:305,41,0,0
BRDA:305,41,1,0
BRDA:308,42,0,0
BRDA:308,42,1,0
BRDA:323,43,0,0
BRDA:323,43,1,0
BRDA:364,44,0,0
BRDA:364,44,1,0
BRDA:369,45,0,0
BRDA:369,45,1,0
BRDA:383,46,0,0
BRDA:383,46,1,0
BRDA:388,47,0,0
BRDA:388,47,1,0
BRDA:407,48,0,0
BRDA:407,48,1,0
BRDA:407,49,0,0
BRDA:407,49,1,0
BRDA:446,50,0,0
BRDA:446,50,1,0
BRDA:453,51,0,0
BRDA:453,51,1,0
BRDA:464,52,0,0
BRDA:464,52,1,0
BRDA:467,53,0,0
BRDA:467,53,1,0
BRDA:470,54,0,0
BRDA:470,54,1,0
BRDA:473,55,0,0
BRDA:473,55,1,0
BRDA:475,56,0,0
BRDA:475,56,1,0
BRDA:489,57,0,0
BRDA:489,57,1,0
BRDA:494,58,0,0
BRDA:494,58,1,0
BRDA:494,59,0,0
BRDA:494,59,1,0
BRDA:510,60,0,0
BRDA:510,60,1,0
BRDA:510,61,0,0
BRDA:510,61,1,0
BRDA:527,62,0,0
BRDA:527,62,1,0
BRDA:527,63,0,0
BRDA:527,63,1,0
BRDA:531,64,0,0
BRDA:531,64,1,0
BRDA:531,65,0,0
BRDA:531,65,1,0
BRDA:535,66,0,0
BRDA:535,66,1,0
BRDA:540,67,0,0
BRDA:540,67,1,0
BRDA:540,68,0,0
BRDA:540,68,1,0
BRDA:540,68,2,0
BRF:137
BRH:1
end_of_record
TN:
SF:/Users/piotrp/code/github/piotrpMSFT/omnisharp-vscode/out/src/coreclr-debug/activate.ts
FN:20,activate
FN:35,checkForInvalidArchitecture
FN:65,completeDebuggerInstall
FN:67,(anonymous_12)
FN:82,(anonymous_14)
FN:93,showInstallErrorMessage
FN:98,showDotnetToolsWarning
FN:107,(anonymous_17)
FN:133,getAdapterExecutionCommand
FN:134,(anonymous_20)
FNF:10
FNH:2
FNDA:1,activate
FNDA:0,checkForInvalidArchitecture
FNDA:0,completeDebuggerInstall
FNDA:0,(anonymous_12)
FNDA:0,(anonymous_14)
FNDA:0,showInstallErrorMessage
FNDA:0,showDotnetToolsWarning
FNDA:0,(anonymous_17)
FNDA:1,getAdapterExecutionCommand
FNDA:0,(anonymous_20)
DA:7,1
DA:8,1
DA:9,1
DA:11,1
DA:13,1
DA:14,1
DA:17,1
DA:18,1
DA:20,1
DA:21,1
DA:22,1
DA:24,1
DA:25,0
DA:26,0
DA:27,0
DA:28,0
DA:30,1
DA:31,0
DA:38,0
DA:39,0
DA:43,0
DA:44,0
DA:47,0
DA:48,0
DA:49,0
DA:50,0
DA:52,0
DA:53,0
DA:54,0
DA:56,0
DA:58,0
DA:62,0
DA:66,0
DA:67,0
DA:69,0
DA:71,0
DA:72,0
DA:73,0
DA:74,0
DA:78,0
DA:79,0
DA:81,0
DA:85,0
DA:86,0
DA:89,0
DA:94,0
DA:95,0
DA:100,0
DA:101,0
DA:102,0
DA:103,0
DA:106,0
DA:108,0
DA:109,0
DA:110,0
DA:113,0
DA:115,0
DA:118,0
DA:119,0
DA:120,0
DA:133,1
DA:134,1
DA:135,1
DA:138,1
DA:147,0
DA:148,0
DA:149,0
DA:150,0
DA:153,0
DA:154,0
DA:156,0
DA:157,0
DA:158,0
DA:164,1
LF:74
LH:18
BRDA:24,1,0,0
BRDA:24,1,1,1
BRDA:26,2,0,0
BRDA:26,2,1,0
BRDA:30,3,0,0
BRDA:30,3,1,1
BRDA:47,4,0,0
BRDA:47,4,1,0
BRDA:48,5,0,0
BRDA:48,5,1,0
BRDA:48,6,0,0
BRDA:48,6,1,0
BRDA:52,7,0,0
BRDA:52,7,1,0
BRDA:53,8,0,0
BRDA:53,8,1,0
BRDA:53,9,0,0
BRDA:53,9,1,0
BRDA:71,10,0,0
BRDA:71,10,1,0
BRDA:85,11,0,0
BRDA:85,11,1,0
BRDA:86,12,0,0
BRDA:86,12,1,0
BRDA:101,13,0,0
BRDA:101,13,1,0
BRDA:108,14,0,0
BRDA:108,14,1,0
BRDA:113,15,0,0
BRDA:113,15,1,0
BRDA:119,16,0,0
BRDA:119,16,1,0
BRDA:138,17,0,0
BRDA:138,17,1,1
BRDA:148,18,0,0
BRDA:148,18,1,0
BRDA:153,19,0,0
BRDA:153,19,1,0
BRDA:156,20,0,0
BRDA:156,20,1,0
BRF:40
BRH:3
end_of_record
TN:
SF:/Users/piotrp/code/github/piotrpMSFT/omnisharp-vscode/out/src/coreclr-debug/util.ts
FN:34,(anonymous_0)
FN:40,(anonymous_1)
FN:48,(anonymous_2)
FN:55,(anonymous_3)
FN:63,(anonymous_4)
FN:64,(anonymous_5)
FN:65,(anonymous_6)
FN:75,(anonymous_7)
FN:83,(anonymous_8)
FN:88,(anonymous_9)
FN:90,(anonymous_10)
FN:100,(anonymous_11)
FN:106,(anonymous_12)
FN:120,(anonymous_13)
FN:126,(anonymous_14)
FN:139,(anonymous_15)
FNF:16
FNH:5
FNDA:2,(anonymous_0)
FNDA:0,(anonymous_1)
FNDA:2,(anonymous_2)
FNDA:1,(anonymous_3)
FNDA:0,(anonymous_4)
FNDA:0,(anonymous_5)
FNDA:0,(anonymous_6)
FNDA:0,(anonymous_7)
FNDA:0,(anonymous_8)
FNDA:0,(anonymous_9)
FNDA:0,(anonymous_10)
FNDA:0,(anonymous_11)
FNDA:0,(anonymous_12)
FNDA:0,(anonymous_13)
FNDA:3,(anonymous_14)
FNDA:1,(anonymous_15)
DA:7,1
DA:8,1
DA:9,1
DA:10,1
DA:11,1
DA:14,1
DA:16,1
DA:23,1
DA:28,1
DA:30,2
DA:31,2
DA:32,2
DA:35,2
DA:36,2
DA:37,2
DA:41,0
DA:43,0
DA:45,0
DA:49,2
DA:50,0
DA:52,2
DA:56,1
DA:58,0
DA:60,1
DA:64,0
DA:65,0
DA:66,0
DA:67,0
DA:69,0
DA:76,0
DA:85,0
DA:87,0
DA:89,0
DA:90,0
DA:92,0
DA:93,0
DA:94,0
DA:95,0
DA:96,0
DA:97,0
DA:102,0
DA:103,0
DA:104,0
DA:105,0
DA:108,0
DA:110,0
DA:111,0
DA:112,0
DA:113,0
DA:116,0
DA:123,0
DA:127,3
DA:128,3
DA:129,3
DA:131,0
DA:132,0
DA:134,0
DA:140,1
DA:141,0
DA:144,1
LF:60
LH:24
BRDA:41,1,0,0
BRDA:41,1,1,0
BRDA:49,2,0,0
BRDA:49,2,1,2
BRDA:56,3,0,0
BRDA:56,3,1,1
BRDA:66,4,0,0
BRDA:66,4,1,0
BRDA:92,5,0,0
BRDA:92,5,1,0
BRDA:94,6,0,0
BRDA:94,6,1,0
BRDA:96,7,0,0
BRDA:96,7,1,0
BRDA:108,8,0,0
BRDA:108,8,1,0
BRDA:131,9,0,0
BRDA:131,9,1,0
BRDA:131,10,0,0
BRDA:131,10,1,0
BRDA:140,11,0,0
BRDA:140,11,1,1
BRF:22
BRH:3
end_of_record
TN:
SF:/Users/piotrp/code/github/piotrpMSFT/omnisharp-vscode/out/src/features/status.ts
FN:16,reportStatus
FN:41,(anonymous_1)
FN:46,reportDocumentStatus
FN:55,render
FN:84,(anonymous_4)
FN:91,(anonymous_5)
FN:98,(anonymous_6)
FN:105,(anonymous_7)
FN:112,(anonymous_8)
FN:123,(anonymous_9)
FN:131,updateProjectInfo
FN:132,(anonymous_11)
FN:142,addProjectFileNames
FN:152,addDnxOrDotNetProjects
FN:210,reportServerStatus
FN:212,appendLine
FN:216,(anonymous_16)
FN:220,(anonymous_17)
FN:229,(anonymous_18)
FN:231,asErrorMessage
FN:236,asWarningMessage
FN:243,(anonymous_21)
FN:244,(anonymous_22)
FN:253,(anonymous_23)
FN:258,(anonymous_24)
FN:271,showMessageSoon
FN:273,(anonymous_26)
FN:276,(anonymous_27)
FN:286,forwardOutput
FN:290,forward
FNF:30
FNH:16
FNDA:1,reportStatus
FNDA:3,(anonymous_1)
FNDA:1,reportDocumentStatus
FNDA:11,render
FNDA:0,(anonymous_4)
FNDA:0,(anonymous_5)
FNDA:0,(anonymous_6)
FNDA:1,(anonymous_7)
FNDA:1,(anonymous_8)
FNDA:1,(anonymous_9)
FNDA:2,updateProjectInfo
FNDA:2,(anonymous_11)
FNDA:2,addProjectFileNames
FNDA:2,addDnxOrDotNetProjects
FNDA:1,reportServerStatus
FNDA:0,appendLine
FNDA:0,(anonymous_16)
FNDA:0,(anonymous_17)
FNDA:1,(anonymous_18)
FNDA:0,asErrorMessage
FNDA:0,asWarningMessage
FNDA:0,(anonymous_21)
FNDA:0,(anonymous_22)
FNDA:1,(anonymous_23)
FNDA:0,(anonymous_24)
FNDA:0,showMessageSoon
FNDA:0,(anonymous_26)
FNDA:0,(anonymous_27)
FNDA:1,forwardOutput
FNDA:1,forward
DA:7,1
DA:9,1
DA:10,1
DA:12,1
DA:14,1
DA:16,1
DA:17,1
DA:25,1
DA:42,3
DA:46,1
DA:48,1
DA:51,1
DA:52,1
DA:57,11
DA:58,5
DA:59,5
DA:62,6
DA:65,6
DA:66,4
DA:67,2
DA:68,2
DA:71,6
DA:72,6
DA:73,6
DA:74,6
DA:75,6
DA:76,6
DA:79,0
DA:82,1
DA:84,1
DA:85,0
DA:86,0
DA:87,0
DA:88,0
DA:91,1
DA:92,0
DA:93,0
DA:94,0
DA:95,0
DA:98,1
DA:99,0
DA:100,0
DA:101,0
DA:102,0
DA:105,1
DA:106,1
DA:107,1
DA:108,1
DA:109,1
DA:112,1
DA:113,1
DA:114,1
DA:116,1
DA:117,0
DA:120,1
DA:123,1
DA:124,1
DA:126,1
DA:127,1
DA:128,1
DA:129,1
DA:132,2
DA:139,2
DA:143,2
DA:145,2
DA:146,2
DA:147,12
DA:153,2
DA:155,2
DA:156,0
DA:157,0
DA:160,2
DA:161,0
DA:162,0
DA:165,0
DA:171,2
DA:172,2
DA:173,2
DA:175,2
DA:176,2
DA:181,2
DA:182,2
DA:186,2
DA:187,2
DA:188,2
DA:191,2
DA:192,2
DA:193,2
DA:198,1
DA:199,1
DA:200,1
DA:201,1
DA:204,1
DA:210,1
DA:213,0
DA:216,1
DA:217,0
DA:220,1
DA:221,0
DA:222,0
DA:224,0
DA:225,0
DA:226,0
DA:229,1
DA:232,0
DA:233,0
DA:237,0
DA:238,0
DA:241,1
DA:242,0
DA:243,0
DA:244,0
DA:245,0
DA:247,0
DA:248,0
DA:253,1
DA:254,1
DA:255,1
DA:256,1
DA:258,1
DA:259,0
DA:260,0
DA:266,1
DA:272,0
DA:273,0
DA:275,0
DA:276,0
DA:277,0
DA:278,0
DA:288,1
DA:291,1
DA:294,1
LF:132
LH:88
BRDA:57,1,0,5
BRDA:57,1,1,6
BRDA:65,2,0,4
BRDA:65,2,1,2
BRDA:65,3,0,6
BRDA:65,3,1,5
BRDA:67,4,0,2
BRDA:67,4,1,0
BRDA:67,5,0,2
BRDA:67,5,1,2
BRDA:71,6,0,6
BRDA:71,6,1,0
BRDA:116,7,0,0
BRDA:116,7,1,1
BRDA:145,8,0,2
BRDA:145,8,1,0
BRDA:160,9,0,0
BRDA:160,9,1,2
BRDA:161,10,0,0
BRDA:161,10,1,0
BRDA:171,11,0,2
BRDA:171,11,1,0
BRDA:171,12,0,2
BRDA:171,12,1,2
BRDA:181,13,0,2
BRDA:181,13,1,0
BRDA:212,14,0,0
BRDA:221,15,0,0
BRDA:221,15,1,0
BRDA:241,16,0,0
BRDA:241,16,1,1
BRDA:241,17,0,1
BRDA:241,17,1,1
BRDA:247,18,0,0
BRDA:247,18,1,0
BRDA:255,19,0,1
BRDA:255,19,1,0
BRDA:259,20,0,0
BRDA:259,20,1,0
BRDA:277,21,0,0
BRDA:277,21,1,0
BRF:41
BRH:21
end_of_record
TN:
SF:/Users/piotrp/code/github/piotrpMSFT/omnisharp-vscode/out/src/CSharpExtDownloader.ts
FN:22,(anonymous_6)
FN:25,(anonymous_7)
FNF:2
FNH:0
FNDA:0,(anonymous_6)
FNDA:0,(anonymous_7)
DA:8,1
DA:10,1
DA:11,1
DA:12,1
DA:17,1
DA:19,0
DA:20,0
DA:21,0
DA:22,0
DA:26,0
DA:27,0
DA:29,0
DA:32,0
DA:33,0
DA:38,0
DA:39,0
DA:41,0
DA:43,0
DA:44,0
DA:45,0
DA:46,0
DA:48,0
DA:49,0
DA:51,0
DA:52,0
DA:54,0
DA:56,0
DA:57,0
DA:58,0
DA:60,0
DA:61,0
DA:63,0
DA:64,0
DA:66,0
DA:67,0
DA:69,0
DA:70,0
DA:73,0
DA:76,0
DA:77,0
DA:80,0
DA:81,0
DA:84,0
LF:43
LH:5
BRDA:32,1,0,0
BRDA:32,1,1,0
BRF:2
BRH:0
end_of_record
TN:
SF:/Users/piotrp/code/github/piotrpMSFT/omnisharp-vscode/out/src/features/json/jsonContributions.ts
FN:32,addJSONProviders
FN:36,configureHttpRequest
FN:42,(anonymous_2)
FN:46,(anonymous_3)
FN:58,(anonymous_4)
FN:61,(anonymous_5)
FN:68,(anonymous_6)
FN:84,(anonymous_7)
FN:87,(anonymous_8)
FN:97,(anonymous_9)
FN:115,(anonymous_10)
FN:125,(anonymous_11)
FN:126,(anonymous_12)
FN:127,(anonymous_13)
FN:147,(anonymous_14)
FN:157,(anonymous_15)
FNF:16
FNH:6
FNDA:1,addJSONProviders
FNDA:3,configureHttpRequest
FNDA:2,(anonymous_2)
FNDA:1,(anonymous_3)
FNDA:1,(anonymous_4)
FNDA:0,(anonymous_5)
FNDA:0,(anonymous_6)
FNDA:1,(anonymous_7)
FNDA:0,(anonymous_8)
FNDA:0,(anonymous_9)
FNDA:0,(anonymous_10)
FNDA:0,(anonymous_11)
FNDA:0,(anonymous_12)
FNDA:0,(anonymous_13)
FNDA:0,(anonymous_14)
FNDA:0,(anonymous_15)
DA:7,1
DA:8,1
DA:9,1
DA:11,1
DA:32,1
DA:33,1
DA:37,3
DA:38,3
DA:41,1
DA:42,2
DA:45,1
DA:46,1
DA:47,1
DA:48,1
DA:49,1
DA:50,1
DA:53,1
DA:56,1
DA:58,1
DA:62,0
DA:63,0
DA:64,0
DA:65,0
DA:66,0
DA:67,0
DA:68,0
DA:69,0
DA:70,0
DA:74,0
DA:78,0
DA:82,1
DA:84,1
DA:88,0
DA:89,0
DA:90,0
DA:91,0
DA:94,0
DA:98,0
DA:99,0
DA:100,0
DA:101,0
DA:103,0
DA:104,0
DA:106,0
DA:107,0
DA:108,0
DA:110,0
DA:113,0
DA:114,0
DA:116,0
DA:117,0
DA:118,0
DA:119,0
DA:122,0
DA:125,0
DA:126,0
DA:127,0
DA:130,0
DA:132,0
DA:133,0
DA:134,0
DA:135,0
DA:136,0
DA:137,0
DA:138,0
DA:140,0
DA:141,0
DA:143,0
DA:146,0
DA:147,0
DA:148,0
DA:149,0
DA:151,0
DA:154,0
DA:158,0
DA:159,0
DA:160,0
DA:161,0
DA:163,0
LF:79
LH:21
BRDA:65,1,0,0
BRDA:65,1,1,0
BRDA:65,2,0,0
BRDA:65,2,1,0
BRDA:65,2,2,0
BRDA:67,3,0,0
BRDA:67,3,1,0
BRDA:88,4,0,0
BRDA:88,4,1,0
BRDA:90,5,0,0
BRDA:90,5,1,0
BRDA:107,6,0,0
BRDA:107,6,1,0
BRDA:107,7,0,0
BRDA:107,7,1,0
BRDA:107,7,2,0
BRDA:107,7,3,0
BRDA:107,7,4,0
BRDA:107,7,5,0
BRDA:107,7,6,0
BRDA:107,7,7,0
BRDA:116,8,0,0
BRDA:116,8,1,0
BRDA:118,9,0,0
BRDA:118,9,1,0
BRDA:132,10,0,0
BRDA:132,10,1,0
BRDA:133,11,0,0
BRDA:133,11,1,0
BRDA:133,11,2,0
BRDA:137,12,0,0
BRDA:137,12,1,0
BRDA:140,13,0,0
BRDA:140,13,1,0
BRDA:146,14,0,0
BRDA:146,14,1,0
BRDA:148,15,0,0
BRDA:148,15,1,0
BRDA:160,16,0,0
BRDA:160,16,1,0
BRF:40
BRH:0
end_of_record
TN:
SF:/Users/piotrp/code/github/piotrpMSFT/omnisharp-vscode/out/src/features/json/projectJSONContribution.ts
FN:31,(anonymous_0)
FN:34,(anonymous_1)
FN:38,(anonymous_2)
FN:40,(anonymous_3)
FN:58,(anonymous_4)
FN:59,(anonymous_5)
FN:68,(anonymous_6)
FN:71,(anonymous_7)
FN:80,(anonymous_8)
FN:85,(anonymous_9)
FN:88,(anonymous_10)
FN:95,(anonymous_11)
FN:117,(anonymous_12)
FN:120,(anonymous_13)
FN:127,(anonymous_14)
FN:129,(anonymous_15)
FN:133,(anonymous_16)
FN:149,(anonymous_17)
FN:153,(anonymous_18)
FN:160,(anonymous_19)
FN:176,(anonymous_20)
FN:179,(anonymous_21)
FN:193,(anonymous_22)
FN:194,(anonymous_23)
FN:196,(anonymous_24)
FN:210,(anonymous_25)
FN:213,(anonymous_26)
FN:219,(anonymous_27)
FN:223,(anonymous_28)
FNF:29
FNH:2
FNDA:1,(anonymous_0)
FNDA:1,(anonymous_1)
FNDA:0,(anonymous_2)
FNDA:0,(anonymous_3)
FNDA:0,(anonymous_4)
FNDA:0,(anonymous_5)
FNDA:0,(anonymous_6)
FNDA:0,(anonymous_7)
FNDA:0,(anonymous_8)
FNDA:0,(anonymous_9)
FNDA:0,(anonymous_10)
FNDA:0,(anonymous_11)
FNDA:0,(anonymous_12)
FNDA:0,(anonymous_13)
FNDA:0,(anonymous_14)
FNDA:0,(anonymous_15)
FNDA:0,(anonymous_16)
FNDA:0,(anonymous_17)
FNDA:0,(anonymous_18)
FNDA:0,(anonymous_19)
FNDA:0,(anonymous_20)
FNDA:0,(anonymous_21)
FNDA:0,(anonymous_22)
FNDA:0,(anonymous_23)
FNDA:0,(anonymous_24)
FNDA:0,(anonymous_25)
FNDA:0,(anonymous_26)
FNDA:0,(anonymous_27)
FNDA:0,(anonymous_28)
DA:7,1
DA:9,1
DA:11,1
DA:15,1
DA:17,1
DA:18,1
DA:27,1
DA:31,1
DA:35,1
DA:39,0
DA:40,0
DA:41,0
DA:42,0
DA:43,0
DA:44,0
DA:45,0
DA:46,0
DA:47,0
DA:48,0
DA:52,0
DA:55,0
DA:59,0
DA:60,0
DA:61,0
DA:62,0
DA:64,0
DA:69,0
DA:72,0
DA:73,0
DA:74,0
DA:76,0
DA:79,0
DA:81,0
DA:86,0
DA:88,0
DA:90,0
DA:91,0
DA:93,0
DA:95,0
DA:96,0
DA:97,0
DA:98,0
DA:99,0
DA:100,0
DA:101,0
DA:102,0
DA:103,0
DA:104,0
DA:107,0
DA:108,0
DA:109,0
DA:110,0
DA:111,0
DA:113,0
DA:114,0
DA:118,0
DA:121,0
DA:124,0
DA:128,0
DA:129,0
DA:130,0
DA:131,0
DA:132,0
DA:133,0
DA:134,0
DA:135,0
DA:136,0
DA:137,0
DA:138,0
DA:139,0
DA:140,0
DA:141,0
DA:142,0
DA:143,0
DA:145,0
DA:146,0
DA:150,0
DA:154,0
DA:157,0
DA:161,0
DA:169,0
DA:170,0
DA:171,0
DA:172,0
DA:173,0
DA:177,0
DA:178,0
DA:179,0
DA:180,0
DA:181,0
DA:183,0
DA:184,0
DA:185,0
DA:187,0
DA:190,0
DA:194,0
DA:195,0
DA:196,0
DA:197,0
DA:198,0
DA:199,0
DA:200,0
DA:201,0
DA:202,0
DA:203,0
DA:204,0
DA:207,0
DA:209,0
DA:211,0
DA:214,0
DA:220,0
DA:221,0
DA:222,0
DA:223,0
DA:224,0
DA:225,0
DA:226,0
DA:227,0
DA:229,0
DA:230,0
DA:232,0
DA:236,0
LF:122
LH:9
BRDA:39,1,0,0
BRDA:39,1,1,0
BRDA:42,2,0,0
BRDA:42,2,1,0
BRDA:42,3,0,0
BRDA:42,3,1,0
BRDA:47,4,0,0
BRDA:47,4,1,0
BRDA:47,5,0,0
BRDA:47,5,1,0
BRDA:61,6,0,0
BRDA:61,6,1,0
BRDA:72,7,0,0
BRDA:72,7,1,0
BRDA:86,8,0,0
BRDA:86,8,1,0
BRDA:86,9,0,0
BRDA:86,9,1,0
BRDA:86,9,2,0
BRDA:90,10,0,0
BRDA:90,10,1,0
BRDA:96,11,0,0
BRDA:96,11,1,0
BRDA:101,12,0,0
BRDA:101,12,1,0
BRDA:103,13,0,0
BRDA:103,13,1,0
BRDA:113,14,0,0
BRDA:113,14,1,0
BRDA:128,15,0,0
BRDA:128,15,1,0
BRDA:128,16,0,0
BRDA:128,16,1,0
BRDA:128,16,2,0
BRDA:131,17,0,0
BRDA:131,17,1,0
BRDA:134,18,0,0
BRDA:134,18,1,0
BRDA:145,19,0,0
BRDA:145,19,1,0
BRDA:177,20,0,0
BRDA:177,20,1,0
BRDA:180,21,0,0
BRDA:180,21,1,0
BRDA:183,22,0,0
BRDA:183,22,1,0
BRDA:197,23,0,0
BRDA:197,23,1,0
BRDA:202,24,0,0
BRDA:202,24,1,0
BRDA:220,25,0,0
BRDA:220,25,1,0
BRDA:220,26,0,0
BRDA:220,26,1,0
BRDA:220,26,2,0
BRDA:222,27,0,0
BRDA:222,27,1,0
BRDA:226,28,0,0
BRDA:226,28,1,0
BRDA:229,29,0,0
BRDA:229,29,1,0
BRF:61
BRH:0
end_of_record
